#
# There is insufficient memory for the Java Runtime Environment to continue.
# Native memory allocation (malloc) failed to allocate 954496 bytes for Chunk::new
# Possible reasons:
#   The system is out of physical RAM or swap space
#   The process is running with CompressedOops enabled, and the Java Heap may be blocking the growth of the native heap
# Possible solutions:
#   Reduce memory load on the system
#   Increase physical memory or swap space
#   Check if swap backing store is full
#   Decrease Java heap size (-Xmx/-Xms)
#   Decrease number of Java threads
#   Decrease Java thread stack sizes (-Xss)
#   Set larger code cache with -XX:ReservedCodeCacheSize=
#   JVM is running with Unscaled Compressed Oops mode in which the Java heap is
#     placed in the first 4GB address space. The Java Heap base address is the
#     maximum limit for the native heap growth. Please use -XX:HeapBaseMinAddress
#     to set the Java Heap base and to place the Java Heap above 4GB virtual address.
# This output file may be truncated or incomplete.
#
#  Out of Memory Error (./src/hotspot/share/memory/arena.cpp:197), pid=31212, tid=31344
#
# JRE version: OpenJDK Runtime Environment (11.0.11+9) (build 11.0.11+9-b60-7590822)
# Java VM: OpenJDK 64-Bit Server VM (11.0.11+9-b60-7590822, mixed mode, tiered, compressed oops, g1 gc, windows-amd64)
# No core dump will be written. Minidumps are not enabled by default on client versions of Windows
#

---------------  S U M M A R Y ------------

Command Line: --add-opens=java.base/java.util=ALL-UNNAMED --add-opens=java.base/java.lang=ALL-UNNAMED --add-opens=java.base/java.lang.invoke=ALL-UNNAMED --add-opens=java.base/java.util=ALL-UNNAMED --add-opens=java.prefs/java.util.prefs=ALL-UNNAMED --add-opens=java.prefs/java.util.prefs=ALL-UNNAMED --add-opens=java.base/java.nio.charset=ALL-UNNAMED --add-opens=java.base/java.net=ALL-UNNAMED --add-opens=java.base/java.util.concurrent.atomic=ALL-UNNAMED -Xmx2048m -Dfile.encoding=UTF-8 -Duser.country=GB -Duser.language=en -Duser.variant org.gradle.launcher.daemon.bootstrap.GradleDaemon 7.2

Host: Intel(R) Core(TM) i5-10210U CPU @ 1.60GHz, 8 cores, 7G,  Windows 10 , 64 bit Build 22621 (10.0.22621.1344)
Time: Fri Apr  7 10:45:55 2023 India Standard Time elapsed time: 12.925523 seconds (0d 0h 0m 12s)

---------------  T H R E A D  ---------------

Current thread (0x00000205ba472000):  JavaThread "C2 CompilerThread0" daemon [_thread_in_native, id=31344, stack(0x0000003653e00000,0x0000003653f00000)]


Current CompileTask:
C2:  12925 3731       4       org.codehaus.groovy.runtime.metaclass.MetaMethodIndex::addMethodToList (131 bytes)

Stack: [0x0000003653e00000,0x0000003653f00000]
Native frames: (J=compiled Java code, j=interpreted, Vv=VM code, C=native code)
V  [jvm.dll+0x5f214a]
V  [jvm.dll+0x726fb5]
V  [jvm.dll+0x7285cd]
V  [jvm.dll+0x728c83]
V  [jvm.dll+0x243278]
V  [jvm.dll+0xbc53c]
V  [jvm.dll+0xbca3c]
V  [jvm.dll+0x2b5c34]
V  [jvm.dll+0x508488]
V  [jvm.dll+0x1fd92d]
V  [jvm.dll+0x1fb35f]
V  [jvm.dll+0x183d6c]
V  [jvm.dll+0x209a57]
V  [jvm.dll+0x2082a1]
V  [jvm.dll+0x6ef58f]
V  [jvm.dll+0x6e80b5]
V  [jvm.dll+0x5f1036]
C  [ucrtbase.dll+0x29363]
C  [KERNEL32.DLL+0x126bd]
C  [ntdll.dll+0x5a9f8]


---------------  P R O C E S S  ---------------

Threads class SMR info:
_java_thread_list=0x00000205bcd58120, length=35, elements={
0x000002059dfea000, 0x00000205ba44e800, 0x00000205ba459000, 0x00000205ba467800,
0x00000205ba46a800, 0x00000205ba46e000, 0x00000205ba472000, 0x00000205ba475000,
0x00000205ba476800, 0x00000205baf46000, 0x00000205bc2dd000, 0x00000205bbadb000,
0x00000205bc2e9800, 0x00000205bcc2e800, 0x00000205bcece800, 0x00000205bd389800,
0x00000205bc94d800, 0x00000205bc520800, 0x00000205bc521000, 0x00000205bdefa800,
0x00000205bdef9000, 0x00000205bdefb800, 0x00000205bdef8000, 0x00000205bdefa000,
0x00000205bdef7800, 0x00000205bdefc000, 0x00000205bdefd000, 0x00000205bdefe000,
0x00000205bcd44000, 0x00000205bcd4b000, 0x00000205bcd48800, 0x00000205bcd47800,
0x00000205bcd4b800, 0x00000205bcd46000, 0x00000205bcd46800
}

Java Threads: ( => current thread )
  0x000002059dfea000 JavaThread "main" [_thread_blocked, id=21560, stack(0x0000003653200000,0x0000003653300000)]
  0x00000205ba44e800 JavaThread "Reference Handler" daemon [_thread_blocked, id=31576, stack(0x0000003653900000,0x0000003653a00000)]
  0x00000205ba459000 JavaThread "Finalizer" daemon [_thread_blocked, id=25596, stack(0x0000003653a00000,0x0000003653b00000)]
  0x00000205ba467800 JavaThread "Signal Dispatcher" daemon [_thread_blocked, id=26804, stack(0x0000003653b00000,0x0000003653c00000)]
  0x00000205ba46a800 JavaThread "Attach Listener" daemon [_thread_blocked, id=31824, stack(0x0000003653c00000,0x0000003653d00000)]
  0x00000205ba46e000 JavaThread "Service Thread" daemon [_thread_blocked, id=18368, stack(0x0000003653d00000,0x0000003653e00000)]
=>0x00000205ba472000 JavaThread "C2 CompilerThread0" daemon [_thread_in_native, id=31344, stack(0x0000003653e00000,0x0000003653f00000)]
  0x00000205ba475000 JavaThread "C1 CompilerThread0" daemon [_thread_in_native, id=14064, stack(0x0000003653f00000,0x0000003654000000)]
  0x00000205ba476800 JavaThread "Sweeper thread" daemon [_thread_blocked, id=20596, stack(0x0000003654000000,0x0000003654100000)]
  0x00000205baf46000 JavaThread "Common-Cleaner" daemon [_thread_blocked, id=8432, stack(0x0000003654100000,0x0000003654200000)]
  0x00000205bc2dd000 JavaThread "Daemon health stats" [_thread_blocked, id=9028, stack(0x0000003654500000,0x0000003654600000)]
  0x00000205bbadb000 JavaThread "Incoming local TCP Connector on port 49233" [_thread_in_native, id=28612, stack(0x0000003654600000,0x0000003654700000)]
  0x00000205bc2e9800 JavaThread "Daemon periodic checks" [_thread_blocked, id=18292, stack(0x0000003654700000,0x0000003654800000)]
  0x00000205bcc2e800 JavaThread "Daemon" [_thread_blocked, id=26388, stack(0x0000003654800000,0x0000003654900000)]
  0x00000205bcece800 JavaThread "Handler for socket connection from /127.0.0.1:49233 to /127.0.0.1:49236" [_thread_in_native, id=13112, stack(0x0000003654900000,0x0000003654a00000)]
  0x00000205bd389800 JavaThread "Cancel handler" [_thread_blocked, id=28872, stack(0x0000003654a00000,0x0000003654b00000)]
  0x00000205bc94d800 JavaThread "Daemon worker" [_thread_in_native, id=32192, stack(0x0000003654b00000,0x0000003654c00000)]
  0x00000205bc520800 JavaThread "Asynchronous log dispatcher for DefaultDaemonConnection: socket connection from /127.0.0.1:49233 to /127.0.0.1:49236" [_thread_blocked, id=13308, stack(0x0000003654c00000,0x0000003654d00000)]
  0x00000205bc521000 JavaThread "Stdin handler" [_thread_blocked, id=33680, stack(0x0000003654d00000,0x0000003654e00000)]
  0x00000205bdefa800 JavaThread "Daemon client event forwarder" [_thread_blocked, id=31460, stack(0x0000003654e00000,0x0000003654f00000)]
  0x00000205bdef9000 JavaThread "Cache worker for journal cache (C:\Users\NILADRI\.gradle\caches\journal-1)" [_thread_blocked, id=28916, stack(0x0000003655400000,0x0000003655500000)]
  0x00000205bdefb800 JavaThread "File lock request listener" [_thread_in_native, id=17060, stack(0x0000003655500000,0x0000003655600000)]
  0x00000205bdef8000 JavaThread "Cache worker for file hash cache (C:\Users\NILADRI\.gradle\caches\7.2\fileHashes)" [_thread_blocked, id=31024, stack(0x0000003655600000,0x0000003655700000)]
  0x00000205bdefa000 JavaThread "Cache worker for file hash cache (C:\Users\NILADRI\AndroidStudioProjects\weather_Appnsb\.gradle\7.2\fileHashes)" [_thread_blocked, id=26448, stack(0x0000003655800000,0x0000003655900000)]
  0x00000205bdef7800 JavaThread "File watcher server" daemon [_thread_in_native, id=30960, stack(0x0000003655900000,0x0000003655a00000)]
  0x00000205bdefc000 JavaThread "File watcher consumer" daemon [_thread_blocked, id=8428, stack(0x0000003655a00000,0x0000003655b00000)]
  0x00000205bdefd000 JavaThread "Cache worker for checksums cache (C:\Users\NILADRI\AndroidStudioProjects\weather_Appnsb\.gradle\checksums)" [_thread_blocked, id=24280, stack(0x0000003655b00000,0x0000003655c00000)]
  0x00000205bdefe000 JavaThread "Cache worker for cache directory md-supplier (C:\Users\NILADRI\.gradle\caches\7.2\md-supplier)" [_thread_blocked, id=1004, stack(0x0000003655c00000,0x0000003655d00000)]
  0x00000205bcd44000 JavaThread "Cache worker for cache directory md-rule (C:\Users\NILADRI\.gradle\caches\7.2\md-rule)" [_thread_blocked, id=4548, stack(0x0000003655d00000,0x0000003655e00000)]
  0x00000205bcd4b000 JavaThread "Cache worker for execution history cache (C:\Users\NILADRI\.gradle\caches\7.2\executionHistory)" [_thread_blocked, id=32220, stack(0x0000003655e00000,0x0000003655f00000)]
  0x00000205bcd48800 JavaThread "jar transforms" [_thread_blocked, id=28812, stack(0x0000003655f00000,0x0000003656000000)]
  0x00000205bcd47800 JavaThread "Cache worker for file content cache (C:\Users\NILADRI\.gradle\caches\7.2\fileContent)" [_thread_blocked, id=19108, stack(0x0000003656000000,0x0000003656100000)]
  0x00000205bcd4b800 JavaThread "jar transforms Thread 2" [_thread_blocked, id=14476, stack(0x0000003656100000,0x0000003656200000)]
  0x00000205bcd46000 JavaThread "Cache worker for dependencies-accessors (C:\Users\NILADRI\AndroidStudioProjects\weather_Appnsb\.gradle\7.2\dependencies-accessors)" [_thread_blocked, id=32340, stack(0x0000003656200000,0x0000003656300000)]
  0x00000205bcd46800 JavaThread "jar transforms Thread 3" [_thread_blocked, id=13280, stack(0x0000003656300000,0x0000003656400000)]

Other Threads:
  0x00000205ba44a000 VMThread "VM Thread" [stack: 0x0000003653800000,0x0000003653900000] [id=24484]
  0x00000205baf74000 WatcherThread [stack: 0x0000003654200000,0x0000003654300000] [id=18396]
  0x000002059e002000 GCTaskThread "GC Thread#0" [stack: 0x0000003653300000,0x0000003653400000] [id=14900]
  0x00000205bbbc4800 GCTaskThread "GC Thread#1" [stack: 0x0000003654300000,0x0000003654400000] [id=12284]
  0x00000205bbcd3800 GCTaskThread "GC Thread#2" [stack: 0x0000003654400000,0x0000003654500000] [id=26840]
  0x00000205bdde3000 GCTaskThread "GC Thread#3" [stack: 0x0000003654f00000,0x0000003655000000] [id=29028]
  0x00000205bc94e800 GCTaskThread "GC Thread#4" [stack: 0x0000003655000000,0x0000003655100000] [id=20444]
  0x00000205bc183800 GCTaskThread "GC Thread#5" [stack: 0x0000003655100000,0x0000003655200000] [id=27912]
  0x00000205bdde0800 GCTaskThread "GC Thread#6" [stack: 0x0000003655200000,0x0000003655300000] [id=18760]
  0x00000205bdfc5800 GCTaskThread "GC Thread#7" [stack: 0x0000003655300000,0x0000003655400000] [id=26420]
  0x000002059e036800 ConcurrentGCThread "G1 Main Marker" [stack: 0x0000003653400000,0x0000003653500000] [id=1244]
  0x000002059e037800 ConcurrentGCThread "G1 Conc#0" [stack: 0x0000003653500000,0x0000003653600000] [id=28144]
  0x00000205bb6d9000 ConcurrentGCThread "G1 Conc#1" [stack: 0x0000003655700000,0x0000003655800000] [id=29304]
  0x00000205ba2a0800 ConcurrentGCThread "G1 Refine#0" [stack: 0x0000003653600000,0x0000003653700000] [id=27588]
  0x00000205ba2a1800 ConcurrentGCThread "G1 Young RemSet Sampling" [stack: 0x0000003653700000,0x0000003653800000] [id=31316]

Threads with active compile tasks:
C2 CompilerThread0  12957 3731       4       org.codehaus.groovy.runtime.metaclass.MetaMethodIndex::addMethodToList (131 bytes)

VM state:not at safepoint (normal execution)

VM Mutex/Monitor currently owned by a thread: None

Heap address: 0x0000000080000000, size: 2048 MB, Compressed Oops mode: 32-bit
Narrow klass base: 0x0000000000000000, Narrow klass shift: 3
Compressed class space size: 1073741824 Address: 0x0000000100000000

Heap:
 garbage-first heap   total 129024K, used 34947K [0x0000000080000000, 0x0000000100000000)
  region size 1024K, 12 young (12288K), 6 survivors (6144K)
 Metaspace       used 43679K, capacity 44747K, committed 44876K, reserved 1087488K
  class space    used 5583K, capacity 5979K, committed 6016K, reserved 1048576K
Heap Regions: E=young(eden), S=young(survivor), O=old, HS=humongous(starts), HC=humongous(continues), CS=collection set, F=free, A=archive, TAMS=top-at-mark-start (previous, next)
|   0|0x0000000080000000, 0x0000000080100000, 0x0000000080100000|100%| O|  |TAMS 0x0000000080100000, 0x0000000080000000| Untracked 
|   1|0x0000000080100000, 0x0000000080200000, 0x0000000080200000|100%| O|  |TAMS 0x0000000080200000, 0x0000000080100000| Untracked 
|   2|0x0000000080200000, 0x0000000080300000, 0x0000000080300000|100%| O|  |TAMS 0x0000000080300000, 0x0000000080200000| Untracked 
|   3|0x0000000080300000, 0x0000000080400000, 0x0000000080400000|100%|HS|  |TAMS 0x0000000080400000, 0x0000000080300000| Complete 
|   4|0x0000000080400000, 0x0000000080500000, 0x0000000080500000|100%|HC|  |TAMS 0x0000000080500000, 0x0000000080400000| Complete 
|   5|0x0000000080500000, 0x0000000080600000, 0x0000000080600000|100%|HC|  |TAMS 0x0000000080600000, 0x0000000080500000| Complete 
|   6|0x0000000080600000, 0x0000000080700000, 0x0000000080700000|100%| O|  |TAMS 0x0000000080700000, 0x0000000080600000| Untracked 
|   7|0x0000000080700000, 0x0000000080800000, 0x0000000080800000|100%| O|  |TAMS 0x0000000080800000, 0x0000000080700000| Untracked 
|   8|0x0000000080800000, 0x0000000080900000, 0x0000000080900000|100%| O|  |TAMS 0x0000000080900000, 0x0000000080800000| Untracked 
|   9|0x0000000080900000, 0x0000000080a00000, 0x0000000080a00000|100%| O|  |TAMS 0x0000000080a00000, 0x0000000080900000| Untracked 
|  10|0x0000000080a00000, 0x0000000080b00000, 0x0000000080b00000|100%| O|  |TAMS 0x0000000080b00000, 0x0000000080a00000| Untracked 
|  11|0x0000000080b00000, 0x0000000080c00000, 0x0000000080c00000|100%| O|  |TAMS 0x0000000080c00000, 0x0000000080b00000| Untracked 
|  12|0x0000000080c00000, 0x0000000080d00000, 0x0000000080d00000|100%| O|  |TAMS 0x0000000080d00000, 0x0000000080c00000| Untracked 
|  13|0x0000000080d00000, 0x0000000080e00000, 0x0000000080e00000|100%| O|  |TAMS 0x0000000080e00000, 0x0000000080d00000| Untracked 
|  14|0x0000000080e00000, 0x0000000080f00000, 0x0000000080f00000|100%| O|  |TAMS 0x0000000080f00000, 0x0000000080e00000| Untracked 
|  15|0x0000000080f00000, 0x0000000081000000, 0x0000000081000000|100%| O|  |TAMS 0x0000000081000000, 0x0000000080f00000| Untracked 
|  16|0x0000000081000000, 0x0000000081100000, 0x0000000081100000|100%| O|  |TAMS 0x0000000081100000, 0x0000000081000000| Untracked 
|  17|0x0000000081100000, 0x0000000081200000, 0x0000000081200000|100%| O|  |TAMS 0x0000000081200000, 0x0000000081100000| Untracked 
|  18|0x0000000081200000, 0x0000000081300000, 0x0000000081300000|100%| O|  |TAMS 0x0000000081300000, 0x0000000081200000| Untracked 
|  19|0x0000000081300000, 0x0000000081400000, 0x0000000081400000|100%| O|  |TAMS 0x0000000081342000, 0x0000000081300000| Untracked 
|  20|0x0000000081400000, 0x0000000081400000, 0x0000000081500000|  0%| F|  |TAMS 0x0000000081400000, 0x0000000081400000| Untracked 
|  21|0x0000000081500000, 0x0000000081600000, 0x0000000081600000|100%| O|  |TAMS 0x0000000081500000, 0x0000000081500000| Untracked 
|  22|0x0000000081600000, 0x0000000081700000, 0x0000000081700000|100%| O|  |TAMS 0x0000000081600000, 0x0000000081600000| Untracked 
|  23|0x0000000081700000, 0x0000000081800000, 0x0000000081800000|100%| O|  |TAMS 0x0000000081700000, 0x0000000081700000| Untracked 
|  24|0x0000000081800000, 0x0000000081820e00, 0x0000000081900000| 12%| O|  |TAMS 0x0000000081800000, 0x0000000081800000| Untracked 
|  25|0x0000000081900000, 0x0000000081900000, 0x0000000081a00000|  0%| F|  |TAMS 0x0000000081900000, 0x0000000081900000| Untracked 
|  26|0x0000000081a00000, 0x0000000081a00000, 0x0000000081b00000|  0%| F|  |TAMS 0x0000000081a00000, 0x0000000081a00000| Untracked 
|  27|0x0000000081b00000, 0x0000000081b00000, 0x0000000081c00000|  0%| F|  |TAMS 0x0000000081b00000, 0x0000000081b00000| Untracked 
|  28|0x0000000081c00000, 0x0000000081c00000, 0x0000000081d00000|  0%| F|  |TAMS 0x0000000081c00000, 0x0000000081c00000| Untracked 
|  29|0x0000000081d00000, 0x0000000081d00000, 0x0000000081e00000|  0%| F|  |TAMS 0x0000000081d00000, 0x0000000081d00000| Untracked 
|  30|0x0000000081e00000, 0x0000000081e00000, 0x0000000081f00000|  0%| F|  |TAMS 0x0000000081e00000, 0x0000000081e00000| Untracked 
|  31|0x0000000081f00000, 0x0000000081f00000, 0x0000000082000000|  0%| F|  |TAMS 0x0000000081f00000, 0x0000000081f00000| Untracked 
|  32|0x0000000082000000, 0x0000000082000000, 0x0000000082100000|  0%| F|  |TAMS 0x0000000082000000, 0x0000000082000000| Untracked 
|  33|0x0000000082100000, 0x0000000082100000, 0x0000000082200000|  0%| F|  |TAMS 0x0000000082100000, 0x0000000082100000| Untracked 
|  34|0x0000000082200000, 0x0000000082200000, 0x0000000082300000|  0%| F|  |TAMS 0x0000000082200000, 0x0000000082200000| Untracked 
|  35|0x0000000082300000, 0x0000000082300000, 0x0000000082400000|  0%| F|  |TAMS 0x0000000082300000, 0x0000000082300000| Untracked 
|  36|0x0000000082400000, 0x0000000082400000, 0x0000000082500000|  0%| F|  |TAMS 0x0000000082400000, 0x0000000082400000| Untracked 
|  37|0x0000000082500000, 0x0000000082500000, 0x0000000082600000|  0%| F|  |TAMS 0x0000000082500000, 0x0000000082500000| Untracked 
|  38|0x0000000082600000, 0x0000000082600000, 0x0000000082700000|  0%| F|  |TAMS 0x0000000082600000, 0x0000000082600000| Untracked 
|  39|0x0000000082700000, 0x0000000082700000, 0x0000000082800000|  0%| F|  |TAMS 0x0000000082700000, 0x0000000082700000| Untracked 
|  40|0x0000000082800000, 0x0000000082800000, 0x0000000082900000|  0%| F|  |TAMS 0x0000000082800000, 0x0000000082800000| Untracked 
|  41|0x0000000082900000, 0x0000000082900000, 0x0000000082a00000|  0%| F|  |TAMS 0x0000000082900000, 0x0000000082900000| Untracked 
|  42|0x0000000082a00000, 0x0000000082a00000, 0x0000000082b00000|  0%| F|  |TAMS 0x0000000082a00000, 0x0000000082a00000| Untracked 
|  43|0x0000000082b00000, 0x0000000082b00000, 0x0000000082c00000|  0%| F|  |TAMS 0x0000000082b00000, 0x0000000082b00000| Untracked 
|  44|0x0000000082c00000, 0x0000000082c00000, 0x0000000082d00000|  0%| F|  |TAMS 0x0000000082c00000, 0x0000000082c00000| Untracked 
|  45|0x0000000082d00000, 0x0000000082d00000, 0x0000000082e00000|  0%| F|  |TAMS 0x0000000082d00000, 0x0000000082d00000| Untracked 
|  46|0x0000000082e00000, 0x0000000082e00000, 0x0000000082f00000|  0%| F|  |TAMS 0x0000000082e00000, 0x0000000082e00000| Untracked 
|  47|0x0000000082f00000, 0x0000000082f00000, 0x0000000083000000|  0%| F|  |TAMS 0x0000000082f00000, 0x0000000082f00000| Untracked 
|  48|0x0000000083000000, 0x0000000083000000, 0x0000000083100000|  0%| F|  |TAMS 0x0000000083000000, 0x0000000083000000| Untracked 
|  49|0x0000000083100000, 0x0000000083100000, 0x0000000083200000|  0%| F|  |TAMS 0x0000000083100000, 0x0000000083100000| Untracked 
|  50|0x0000000083200000, 0x0000000083200000, 0x0000000083300000|  0%| F|  |TAMS 0x0000000083200000, 0x0000000083200000| Untracked 
|  51|0x0000000083300000, 0x0000000083300000, 0x0000000083400000|  0%| F|  |TAMS 0x0000000083300000, 0x0000000083300000| Untracked 
|  52|0x0000000083400000, 0x0000000083400000, 0x0000000083500000|  0%| F|  |TAMS 0x0000000083400000, 0x0000000083400000| Untracked 
|  53|0x0000000083500000, 0x0000000083500000, 0x0000000083600000|  0%| F|  |TAMS 0x0000000083500000, 0x0000000083500000| Untracked 
|  54|0x0000000083600000, 0x0000000083600000, 0x0000000083700000|  0%| F|  |TAMS 0x0000000083600000, 0x0000000083600000| Untracked 
|  55|0x0000000083700000, 0x0000000083700000, 0x0000000083800000|  0%| F|  |TAMS 0x0000000083700000, 0x0000000083700000| Untracked 
|  56|0x0000000083800000, 0x0000000083800000, 0x0000000083900000|  0%| F|  |TAMS 0x0000000083800000, 0x0000000083800000| Untracked 
|  57|0x0000000083900000, 0x0000000083900000, 0x0000000083a00000|  0%| F|  |TAMS 0x0000000083900000, 0x0000000083900000| Untracked 
|  58|0x0000000083a00000, 0x0000000083a00000, 0x0000000083b00000|  0%| F|  |TAMS 0x0000000083a00000, 0x0000000083a00000| Untracked 
|  59|0x0000000083b00000, 0x0000000083b00000, 0x0000000083c00000|  0%| F|  |TAMS 0x0000000083b00000, 0x0000000083b00000| Untracked 
|  60|0x0000000083c00000, 0x0000000083c00000, 0x0000000083d00000|  0%| F|  |TAMS 0x0000000083c00000, 0x0000000083c00000| Untracked 
|  61|0x0000000083d00000, 0x0000000083d00000, 0x0000000083e00000|  0%| F|  |TAMS 0x0000000083d00000, 0x0000000083d00000| Untracked 
|  62|0x0000000083e00000, 0x0000000083e00000, 0x0000000083f00000|  0%| F|  |TAMS 0x0000000083e00000, 0x0000000083e00000| Untracked 
|  63|0x0000000083f00000, 0x0000000083f00000, 0x0000000084000000|  0%| F|  |TAMS 0x0000000083f00000, 0x0000000083f00000| Untracked 
|  64|0x0000000084000000, 0x0000000084100000, 0x0000000084100000|100%| S|CS|TAMS 0x0000000084000000, 0x0000000084000000| Complete 
|  65|0x0000000084100000, 0x0000000084200000, 0x0000000084200000|100%| S|CS|TAMS 0x0000000084100000, 0x0000000084100000| Complete 
|  66|0x0000000084200000, 0x0000000084300000, 0x0000000084300000|100%| S|CS|TAMS 0x0000000084200000, 0x0000000084200000| Complete 
|  67|0x0000000084300000, 0x0000000084400000, 0x0000000084400000|100%| S|CS|TAMS 0x0000000084300000, 0x0000000084300000| Complete 
|  68|0x0000000084400000, 0x0000000084400000, 0x0000000084500000|  0%| F|  |TAMS 0x0000000084400000, 0x0000000084400000| Untracked 
|  69|0x0000000084500000, 0x0000000084500000, 0x0000000084600000|  0%| F|  |TAMS 0x0000000084500000, 0x0000000084500000| Untracked 
|  70|0x0000000084600000, 0x0000000084600000, 0x0000000084700000|  0%| F|  |TAMS 0x0000000084600000, 0x0000000084600000| Untracked 
|  71|0x0000000084700000, 0x0000000084700000, 0x0000000084800000|  0%| F|  |TAMS 0x0000000084700000, 0x0000000084700000| Untracked 
|  72|0x0000000084800000, 0x0000000084800000, 0x0000000084900000|  0%| F|  |TAMS 0x0000000084800000, 0x0000000084800000| Untracked 
|  73|0x0000000084900000, 0x0000000084900000, 0x0000000084a00000|  0%| F|  |TAMS 0x0000000084900000, 0x0000000084900000| Untracked 
|  74|0x0000000084a00000, 0x0000000084a00000, 0x0000000084b00000|  0%| F|  |TAMS 0x0000000084a00000, 0x0000000084a00000| Untracked 
|  75|0x0000000084b00000, 0x0000000084c00000, 0x0000000084c00000|100%| S|CS|TAMS 0x0000000084b00000, 0x0000000084b00000| Complete 
|  76|0x0000000084c00000, 0x0000000084d00000, 0x0000000084d00000|100%| S|CS|TAMS 0x0000000084c00000, 0x0000000084c00000| Complete 
|  77|0x0000000084d00000, 0x0000000084d00000, 0x0000000084e00000|  0%| F|  |TAMS 0x0000000084d00000, 0x0000000084d00000| Untracked 
|  78|0x0000000084e00000, 0x0000000084e00000, 0x0000000084f00000|  0%| F|  |TAMS 0x0000000084e00000, 0x0000000084e00000| Untracked 
|  79|0x0000000084f00000, 0x0000000084f00000, 0x0000000085000000|  0%| F|  |TAMS 0x0000000084f00000, 0x0000000084f00000| Untracked 
|  80|0x0000000085000000, 0x0000000085000000, 0x0000000085100000|  0%| F|  |TAMS 0x0000000085000000, 0x0000000085000000| Untracked 
|  81|0x0000000085100000, 0x0000000085100000, 0x0000000085200000|  0%| F|  |TAMS 0x0000000085100000, 0x0000000085100000| Untracked 
|  82|0x0000000085200000, 0x0000000085200000, 0x0000000085300000|  0%| F|  |TAMS 0x0000000085200000, 0x0000000085200000| Untracked 
|  83|0x0000000085300000, 0x0000000085300000, 0x0000000085400000|  0%| F|  |TAMS 0x0000000085300000, 0x0000000085300000| Untracked 
|  84|0x0000000085400000, 0x0000000085400000, 0x0000000085500000|  0%| F|  |TAMS 0x0000000085400000, 0x0000000085400000| Untracked 
|  85|0x0000000085500000, 0x0000000085500000, 0x0000000085600000|  0%| F|  |TAMS 0x0000000085500000, 0x0000000085500000| Untracked 
|  86|0x0000000085600000, 0x0000000085600000, 0x0000000085700000|  0%| F|  |TAMS 0x0000000085600000, 0x0000000085600000| Untracked 
|  87|0x0000000085700000, 0x0000000085700000, 0x0000000085800000|  0%| F|  |TAMS 0x0000000085700000, 0x0000000085700000| Untracked 
|  88|0x0000000085800000, 0x0000000085800000, 0x0000000085900000|  0%| F|  |TAMS 0x0000000085800000, 0x0000000085800000| Untracked 
|  89|0x0000000085900000, 0x0000000085900000, 0x0000000085a00000|  0%| F|  |TAMS 0x0000000085900000, 0x0000000085900000| Untracked 
|  90|0x0000000085a00000, 0x0000000085a00000, 0x0000000085b00000|  0%| F|  |TAMS 0x0000000085a00000, 0x0000000085a00000| Untracked 
|  91|0x0000000085b00000, 0x0000000085b00000, 0x0000000085c00000|  0%| F|  |TAMS 0x0000000085b00000, 0x0000000085b00000| Untracked 
|  92|0x0000000085c00000, 0x0000000085c00000, 0x0000000085d00000|  0%| F|  |TAMS 0x0000000085c00000, 0x0000000085c00000| Untracked 
|  93|0x0000000085d00000, 0x0000000085d00000, 0x0000000085e00000|  0%| F|  |TAMS 0x0000000085d00000, 0x0000000085d00000| Untracked 
|  94|0x0000000085e00000, 0x0000000085e00000, 0x0000000085f00000|  0%| F|  |TAMS 0x0000000085e00000, 0x0000000085e00000| Untracked 
|  95|0x0000000085f00000, 0x0000000085f00000, 0x0000000086000000|  0%| F|  |TAMS 0x0000000085f00000, 0x0000000085f00000| Untracked 
|  96|0x0000000086000000, 0x0000000086000000, 0x0000000086100000|  0%| F|  |TAMS 0x0000000086000000, 0x0000000086000000| Untracked 
|  97|0x0000000086100000, 0x0000000086100000, 0x0000000086200000|  0%| F|  |TAMS 0x0000000086100000, 0x0000000086100000| Untracked 
|  98|0x0000000086200000, 0x0000000086200000, 0x0000000086300000|  0%| F|  |TAMS 0x0000000086200000, 0x0000000086200000| Untracked 
|  99|0x0000000086300000, 0x0000000086300000, 0x0000000086400000|  0%| F|  |TAMS 0x0000000086300000, 0x0000000086300000| Untracked 
| 100|0x0000000086400000, 0x0000000086400000, 0x0000000086500000|  0%| F|  |TAMS 0x0000000086400000, 0x0000000086400000| Untracked 
| 101|0x0000000086500000, 0x0000000086500000, 0x0000000086600000|  0%| F|  |TAMS 0x0000000086500000, 0x0000000086500000| Untracked 
| 102|0x0000000086600000, 0x0000000086600000, 0x0000000086700000|  0%| F|  |TAMS 0x0000000086600000, 0x0000000086600000| Untracked 
| 103|0x0000000086700000, 0x0000000086700000, 0x0000000086800000|  0%| F|  |TAMS 0x0000000086700000, 0x0000000086700000| Untracked 
| 104|0x0000000086800000, 0x0000000086800000, 0x0000000086900000|  0%| F|  |TAMS 0x0000000086800000, 0x0000000086800000| Untracked 
| 105|0x0000000086900000, 0x0000000086900000, 0x0000000086a00000|  0%| F|  |TAMS 0x0000000086900000, 0x0000000086900000| Untracked 
| 106|0x0000000086a00000, 0x0000000086a00000, 0x0000000086b00000|  0%| F|  |TAMS 0x0000000086a00000, 0x0000000086a00000| Untracked 
| 107|0x0000000086b00000, 0x0000000086b00000, 0x0000000086c00000|  0%| F|  |TAMS 0x0000000086b00000, 0x0000000086b00000| Untracked 
| 108|0x0000000086c00000, 0x0000000086c00000, 0x0000000086d00000|  0%| F|  |TAMS 0x0000000086c00000, 0x0000000086c00000| Untracked 
| 109|0x0000000086d00000, 0x0000000086d00000, 0x0000000086e00000|  0%| F|  |TAMS 0x0000000086d00000, 0x0000000086d00000| Untracked 
| 110|0x0000000086e00000, 0x0000000086e00000, 0x0000000086f00000|  0%| F|  |TAMS 0x0000000086e00000, 0x0000000086e00000| Untracked 
| 111|0x0000000086f00000, 0x0000000086f00000, 0x0000000087000000|  0%| F|  |TAMS 0x0000000086f00000, 0x0000000086f00000| Untracked 
| 112|0x0000000087000000, 0x0000000087000000, 0x0000000087100000|  0%| F|  |TAMS 0x0000000087000000, 0x0000000087000000| Untracked 
| 113|0x0000000087100000, 0x0000000087100000, 0x0000000087200000|  0%| F|  |TAMS 0x0000000087100000, 0x0000000087100000| Untracked 
| 114|0x0000000087200000, 0x0000000087200000, 0x0000000087300000|  0%| F|  |TAMS 0x0000000087200000, 0x0000000087200000| Untracked 
| 115|0x0000000087300000, 0x0000000087300000, 0x0000000087400000|  0%| F|  |TAMS 0x0000000087300000, 0x0000000087300000| Untracked 
| 116|0x0000000087400000, 0x0000000087400000, 0x0000000087500000|  0%| F|  |TAMS 0x0000000087400000, 0x0000000087400000| Untracked 
| 117|0x0000000087500000, 0x0000000087500000, 0x0000000087600000|  0%| F|  |TAMS 0x0000000087500000, 0x0000000087500000| Untracked 
| 118|0x0000000087600000, 0x0000000087600000, 0x0000000087700000|  0%| F|  |TAMS 0x0000000087600000, 0x0000000087600000| Untracked 
| 119|0x0000000087700000, 0x0000000087700000, 0x0000000087800000|  0%| F|  |TAMS 0x0000000087700000, 0x0000000087700000| Untracked 
| 120|0x0000000087800000, 0x0000000087800800, 0x0000000087900000|  0%| E|  |TAMS 0x0000000087800000, 0x0000000087800000| Complete 
| 121|0x0000000087900000, 0x0000000087a00000, 0x0000000087a00000|100%| E|CS|TAMS 0x0000000087900000, 0x0000000087900000| Complete 
| 122|0x0000000087a00000, 0x0000000087b00000, 0x0000000087b00000|100%| E|CS|TAMS 0x0000000087a00000, 0x0000000087a00000| Complete 
| 123|0x0000000087b00000, 0x0000000087c00000, 0x0000000087c00000|100%| E|CS|TAMS 0x0000000087b00000, 0x0000000087b00000| Complete 
| 124|0x0000000087c00000, 0x0000000087d00000, 0x0000000087d00000|100%| E|CS|TAMS 0x0000000087c00000, 0x0000000087c00000| Complete 
| 125|0x0000000087d00000, 0x0000000087e00000, 0x0000000087e00000|100%| E|CS|TAMS 0x0000000087d00000, 0x0000000087d00000| Complete 

Card table byte_map: [0x00000205b3160000,0x00000205b3560000] _byte_map_base: 0x00000205b2d60000

Marking Bits (Prev, Next): (CMBitMap*) 0x000002059e02db28, (CMBitMap*) 0x000002059e02db60
 Prev Bits: [0x00000205b3960000, 0x00000205b5960000)
 Next Bits: [0x00000205b5960000, 0x00000205b7960000)

Polling page: 0x000002059e0c0000

Metaspace:

Usage:
  Non-class:     37.86 MB capacity,    37.21 MB ( 98%) used,   563.10 KB (  1%) free+waste,   102.63 KB ( <1%) overhead. 
      Class:      5.84 MB capacity,     5.45 MB ( 93%) used,   346.44 KB (  6%) free+waste,    49.19 KB ( <1%) overhead. 
       Both:     43.70 MB capacity,    42.66 MB ( 98%) used,   909.54 KB (  2%) free+waste,   151.81 KB ( <1%) overhead. 

Virtual space:
  Non-class space:       38.00 MB reserved,      37.95 MB (>99%) committed 
      Class space:        1.00 GB reserved,       5.88 MB ( <1%) committed 
             Both:        1.04 GB reserved,      43.82 MB (  4%) committed 

Chunk freelists:
   Non-Class:  26.00 KB
       Class:  4.00 KB
        Both:  30.00 KB

MaxMetaspaceSize: 17179869184.00 GB
CompressedClassSpaceSize: 1.00 GB

CodeHeap 'non-profiled nmethods': size=120000Kb used=1670Kb max_used=1670Kb free=118329Kb
 bounds [0x00000205aadc0000, 0x00000205ab030000, 0x00000205b22f0000]
CodeHeap 'profiled nmethods': size=120000Kb used=7903Kb max_used=7903Kb free=112096Kb
 bounds [0x00000205a3890000, 0x00000205a4050000, 0x00000205aadc0000]
CodeHeap 'non-nmethods': size=5760Kb used=2202Kb max_used=2242Kb free=3557Kb
 bounds [0x00000205a32f0000, 0x00000205a3560000, 0x00000205a3890000]
 total_blobs=4491 nmethods=3724 adapters=678
 compilation: enabled
              stopped_count=0, restarted_count=0
 full_count=0

Compilation events (20 events):
Event: 12.844 Thread 0x00000205ba475000 3750       3       java.util.Collections$SingletonList::iterator (8 bytes)
Event: 12.845 Thread 0x00000205ba475000 nmethod 3750 0x00000205a4033a10 code [0x00000205a4033be0, 0x00000205a4033eb8]
Event: 12.845 Thread 0x00000205ba475000 3752       3       org.gradle.internal.instantiation.generator.AbstractClassGenerator$GeneratedClassImpl$GeneratedConstructorImpl::getParameterTypes (8 bytes)
Event: 12.845 Thread 0x00000205ba475000 nmethod 3752 0x00000205a4034010 code [0x00000205a40341e0, 0x00000205a40344e8]
Event: 12.845 Thread 0x00000205ba475000 3751       3       com.google.common.collect.ObjectArrays::checkElementNotNull (36 bytes)
Event: 12.846 Thread 0x00000205ba475000 nmethod 3751 0x00000205a4034610 code [0x00000205a4034880, 0x00000205a40350d8]
Event: 12.846 Thread 0x00000205ba475000 3753       1       org.gradle.internal.instantiation.generator.DefaultInstantiationScheme::instantiator (5 bytes)
Event: 12.846 Thread 0x00000205ba475000 nmethod 3753 0x00000205aaf60290 code [0x00000205aaf60440, 0x00000205aaf604f8]
Event: 12.846 Thread 0x00000205ba475000 3754       1       org.gradle.internal.instantiation.generator.AbstractClassGenerator$GeneratedClassImpl::getOuterType (5 bytes)
Event: 12.846 Thread 0x00000205ba475000 nmethod 3754 0x00000205aaf60590 code [0x00000205aaf60740, 0x00000205aaf607f8]
Event: 12.862 Thread 0x00000205ba475000 3756       1       com.google.common.cache.LocalCache$2::peek (2 bytes)
Event: 12.863 Thread 0x00000205ba475000 nmethod 3756 0x00000205aaf60890 code [0x00000205aaf60a40, 0x00000205aaf60af8]
Event: 12.878 Thread 0x00000205ba475000 3757       3       java.lang.invoke.MethodHandleNatives$CallSiteContext::run (5 bytes)
Event: 12.878 Thread 0x00000205ba475000 nmethod 3757 0x00000205a4035410 code [0x00000205a40355c0, 0x00000205a40356e8]
Event: 12.889 Thread 0x00000205ba475000 3759       3       org.gradle.internal.service.DefaultServiceRegistry$CompositeServiceProvider::getAll (43 bytes)
Event: 12.890 Thread 0x00000205ba475000 nmethod 3759 0x00000205a4035790 code [0x00000205a4035960, 0x00000205a4035c08]
Event: 12.890 Thread 0x00000205ba475000 3760       3       org.gradle.internal.service.DefaultServiceRegistry$ParentServices::getAll (12 bytes)
Event: 12.890 Thread 0x00000205ba475000 nmethod 3760 0x00000205a4035d90 code [0x00000205a4035f40, 0x00000205a4036108]
Event: 12.891 Thread 0x00000205ba475000 3761       1       org.gradle.internal.instantiation.generator.AbstractClassGenerator$GeneratedClassImpl::getConstructors (5 bytes)
Event: 12.892 Thread 0x00000205ba475000 nmethod 3761 0x00000205aaf60f90 code [0x00000205aaf61140, 0x00000205aaf611f8]

GC Heap History (18 events):
Event: 1.823 GC heap before
{Heap before GC invocations=0 (full 0):
 garbage-first heap   total 129024K, used 29696K [0x0000000080000000, 0x0000000100000000)
  region size 1024K, 24 young (24576K), 0 survivors (0K)
 Metaspace       used 10265K, capacity 10487K, committed 10624K, reserved 1058816K
  class space    used 1072K, capacity 1141K, committed 1152K, reserved 1048576K
}
Event: 1.833 GC heap after
{Heap after GC invocations=1 (full 0):
 garbage-first heap   total 129024K, used 9356K [0x0000000080000000, 0x0000000100000000)
  region size 1024K, 3 young (3072K), 3 survivors (3072K)
 Metaspace       used 10265K, capacity 10487K, committed 10624K, reserved 1058816K
  class space    used 1072K, capacity 1141K, committed 1152K, reserved 1048576K
}
Event: 2.633 GC heap before
{Heap before GC invocations=1 (full 0):
 garbage-first heap   total 129024K, used 31884K [0x0000000080000000, 0x0000000100000000)
  region size 1024K, 25 young (25600K), 3 survivors (3072K)
 Metaspace       used 11208K, capacity 11442K, committed 11520K, reserved 1058816K
  class space    used 1174K, capacity 1246K, committed 1280K, reserved 1048576K
}
Event: 2.638 GC heap after
{Heap after GC invocations=2 (full 0):
 garbage-first heap   total 129024K, used 10144K [0x0000000080000000, 0x0000000100000000)
  region size 1024K, 1 young (1024K), 1 survivors (1024K)
 Metaspace       used 11208K, capacity 11442K, committed 11520K, reserved 1058816K
  class space    used 1174K, capacity 1246K, committed 1280K, reserved 1048576K
}
Event: 5.433 GC heap before
{Heap before GC invocations=2 (full 0):
 garbage-first heap   total 129024K, used 62368K [0x0000000080000000, 0x0000000100000000)
  region size 1024K, 52 young (53248K), 1 survivors (1024K)
 Metaspace       used 17937K, capacity 18349K, committed 18432K, reserved 1064960K
  class space    used 2138K, capacity 2253K, committed 2304K, reserved 1048576K
}
Event: 5.439 GC heap after
{Heap after GC invocations=3 (full 0):
 garbage-first heap   total 129024K, used 16553K [0x0000000080000000, 0x0000000100000000)
  region size 1024K, 7 young (7168K), 7 survivors (7168K)
 Metaspace       used 17937K, capacity 18349K, committed 18432K, reserved 1064960K
  class space    used 2138K, capacity 2253K, committed 2304K, reserved 1048576K
}
Event: 6.370 GC heap before
{Heap before GC invocations=3 (full 0):
 garbage-first heap   total 129024K, used 39081K [0x0000000080000000, 0x0000000100000000)
  region size 1024K, 30 young (30720K), 7 survivors (7168K)
 Metaspace       used 20716K, capacity 21081K, committed 21248K, reserved 1067008K
  class space    used 2544K, capacity 2695K, committed 2816K, reserved 1048576K
}
Event: 6.379 GC heap after
{Heap after GC invocations=4 (full 0):
 garbage-first heap   total 129024K, used 17937K [0x0000000080000000, 0x0000000100000000)
  region size 1024K, 1 young (1024K), 1 survivors (1024K)
 Metaspace       used 20716K, capacity 21081K, committed 21248K, reserved 1067008K
  class space    used 2544K, capacity 2695K, committed 2816K, reserved 1048576K
}
Event: 9.531 GC heap before
{Heap before GC invocations=5 (full 0):
 garbage-first heap   total 129024K, used 69137K [0x0000000080000000, 0x0000000100000000)
  region size 1024K, 51 young (52224K), 1 survivors (1024K)
 Metaspace       used 26130K, capacity 26700K, committed 27008K, reserved 1073152K
  class space    used 3410K, capacity 3617K, committed 3712K, reserved 1048576K
}
Event: 9.535 GC heap after
{Heap after GC invocations=6 (full 0):
 garbage-first heap   total 129024K, used 19764K [0x0000000080000000, 0x0000000100000000)
  region size 1024K, 3 young (3072K), 3 survivors (3072K)
 Metaspace       used 26130K, capacity 26700K, committed 27008K, reserved 1073152K
  class space    used 3410K, capacity 3617K, committed 3712K, reserved 1048576K
}
Event: 10.587 GC heap before
{Heap before GC invocations=6 (full 0):
 garbage-first heap   total 129024K, used 74036K [0x0000000080000000, 0x0000000100000000)
  region size 1024K, 56 young (57344K), 3 survivors (3072K)
 Metaspace       used 34353K, capacity 35118K, committed 35328K, reserved 1079296K
  class space    used 4467K, capacity 4767K, committed 4864K, reserved 1048576K
}
Event: 10.593 GC heap after
{Heap after GC invocations=7 (full 0):
 garbage-first heap   total 129024K, used 22895K [0x0000000080000000, 0x0000000100000000)
  region size 1024K, 6 young (6144K), 6 survivors (6144K)
 Metaspace       used 34353K, capacity 35118K, committed 35328K, reserved 1079296K
  class space    used 4467K, capacity 4767K, committed 4864K, reserved 1048576K
}
Event: 10.695 GC heap before
{Heap before GC invocations=7 (full 0):
 garbage-first heap   total 129024K, used 26991K [0x0000000080000000, 0x0000000100000000)
  region size 1024K, 11 young (11264K), 6 survivors (6144K)
 Metaspace       used 35048K, capacity 35786K, committed 35840K, reserved 1081344K
  class space    used 4560K, capacity 4863K, committed 4864K, reserved 1048576K
}
Event: 10.704 GC heap after
{Heap after GC invocations=8 (full 0):
 garbage-first heap   total 129024K, used 23762K [0x0000000080000000, 0x0000000100000000)
  region size 1024K, 4 young (4096K), 4 survivors (4096K)
 Metaspace       used 35048K, capacity 35786K, committed 35840K, reserved 1081344K
  class space    used 4560K, capacity 4863K, committed 4864K, reserved 1048576K
}
Event: 11.518 GC heap before
{Heap before GC invocations=9 (full 0):
 garbage-first heap   total 129024K, used 73938K [0x0000000080000000, 0x0000000100000000)
  region size 1024K, 51 young (52224K), 4 survivors (4096K)
 Metaspace       used 38699K, capacity 39580K, committed 39884K, reserved 1083392K
  class space    used 4947K, capacity 5313K, committed 5376K, reserved 1048576K
}
Event: 11.525 GC heap after
{Heap after GC invocations=10 (full 0):
 garbage-first heap   total 129024K, used 27359K [0x0000000080000000, 0x0000000100000000)
  region size 1024K, 7 young (7168K), 7 survivors (7168K)
 Metaspace       used 38699K, capacity 39580K, committed 39884K, reserved 1083392K
  class space    used 4947K, capacity 5313K, committed 5376K, reserved 1048576K
}
Event: 12.868 GC heap before
{Heap before GC invocations=10 (full 0):
 garbage-first heap   total 129024K, used 77535K [0x0000000080000000, 0x0000000100000000)
  region size 1024K, 56 young (57344K), 7 survivors (7168K)
 Metaspace       used 43286K, capacity 44250K, committed 44492K, reserved 1087488K
  class space    used 5509K, capacity 5877K, committed 5888K, reserved 1048576K
}
Event: 12.878 GC heap after
{Heap after GC invocations=11 (full 0):
 garbage-first heap   total 129024K, used 29827K [0x0000000080000000, 0x0000000100000000)
  region size 1024K, 6 young (6144K), 6 survivors (6144K)
 Metaspace       used 43286K, capacity 44250K, committed 44492K, reserved 1087488K
  class space    used 5509K, capacity 5877K, committed 5888K, reserved 1048576K
}

Deoptimization events (20 events):
Event: 12.465 Thread 0x00000205bc94d800 Uncommon trap: trap_request=0xffffff4d fr.pc=0x00000205aae88184 relative=0x00000000000001c4
Event: 12.465 Thread 0x00000205bc94d800 Uncommon trap: reason=unstable_if action=reinterpret pc=0x00000205aae88184 method=java.util.HashMap.getNode(ILjava/lang/Object;)Ljava/util/HashMap$Node; @ 53 c2
Event: 12.465 Thread 0x00000205bc94d800 DEOPT PACKING pc=0x00000205aae88184 sp=0x0000003654bf8ff0
Event: 12.465 Thread 0x00000205bc94d800 DEOPT UNPACKING pc=0x00000205a331662f sp=0x0000003654bf8f78 mode 2
Event: 12.465 Thread 0x00000205bc94d800 Uncommon trap: trap_request=0xffffff4d fr.pc=0x00000205aaf2a09c relative=0x000000000000071c
Event: 12.465 Thread 0x00000205bc94d800 Uncommon trap: reason=unstable_if action=reinterpret pc=0x00000205aaf2a09c method=java.util.HashMap.putVal(ILjava/lang/Object;Ljava/lang/Object;ZZ)Ljava/lang/Object; @ 85 c2
Event: 12.465 Thread 0x00000205bc94d800 DEOPT PACKING pc=0x00000205aaf2a09c sp=0x0000003654bf9020
Event: 12.465 Thread 0x00000205bc94d800 DEOPT UNPACKING pc=0x00000205a331662f sp=0x0000003654bf8f50 mode 2
Event: 12.474 Thread 0x00000205bc94d800 Uncommon trap: trap_request=0xffffff4d fr.pc=0x00000205aaed7468 relative=0x0000000000000308
Event: 12.474 Thread 0x00000205bc94d800 Uncommon trap: reason=unstable_if action=reinterpret pc=0x00000205aaed7468 method=org.gradle.internal.reflect.PropertyAccessorType.isGetGetterName(Ljava/lang/String;)Z @ 14 c2
Event: 12.474 Thread 0x00000205bc94d800 DEOPT PACKING pc=0x00000205aaed7468 sp=0x0000003654bf9930
Event: 12.474 Thread 0x00000205bc94d800 DEOPT UNPACKING pc=0x00000205a331662f sp=0x0000003654bf9888 mode 2
Event: 12.549 Thread 0x00000205bc94d800 Uncommon trap: trap_request=0xffffff4d fr.pc=0x00000205aaed9608 relative=0x00000000000000e8
Event: 12.549 Thread 0x00000205bc94d800 Uncommon trap: reason=unstable_if action=reinterpret pc=0x00000205aaed9608 method=org.objectweb.asm.ByteVector.putShort(I)Lorg/objectweb/asm/ByteVector; @ 13 c2
Event: 12.549 Thread 0x00000205bc94d800 DEOPT PACKING pc=0x00000205aaed9608 sp=0x0000003654bf94d0
Event: 12.550 Thread 0x00000205bc94d800 DEOPT UNPACKING pc=0x00000205a331662f sp=0x0000003654bf9468 mode 2
Event: 12.592 Thread 0x00000205bc94d800 Uncommon trap: trap_request=0xffffff4d fr.pc=0x00000205aaf3e88c relative=0x0000000000001b0c
Event: 12.592 Thread 0x00000205bc94d800 Uncommon trap: reason=unstable_if action=reinterpret pc=0x00000205aaf3e88c method=java.util.concurrent.ConcurrentHashMap.computeIfAbsent(Ljava/lang/Object;Ljava/util/function/Function;)Ljava/lang/Object; @ 123 c2
Event: 12.592 Thread 0x00000205bc94d800 DEOPT PACKING pc=0x00000205aaf3e88c sp=0x0000003654bfa9d0
Event: 12.592 Thread 0x00000205bc94d800 DEOPT UNPACKING pc=0x00000205a331662f sp=0x0000003654bfa970 mode 2

Classes redefined (0 events):
No events

Internal exceptions (20 events):
Event: 11.747 Thread 0x00000205bc94d800 Exception <a 'java/lang/ClassNotFoundException'{0x00000000871f78a8}: org/gradle/api/internal/provider/AbstractMinimalProviderCustomizer> (0x00000000871f78a8) thrown at [./src/hotspot/share/classfile/systemDictionary.cpp, line 231]
Event: 11.752 Thread 0x00000205bc94d800 Exception <a 'java/lang/ClassNotFoundException'{0x000000008705b310}: org/gradle/api/internal/provider/AbstractPropertyCustomizer> (0x000000008705b310) thrown at [./src/hotspot/share/classfile/systemDictionary.cpp, line 231]
Event: 11.757 Thread 0x00000205bc94d800 Exception <a 'java/lang/ClassNotFoundException'{0x0000000087090fb0}: org/gradle/api/internal/provider/DefaultPropertyCustomizer> (0x0000000087090fb0) thrown at [./src/hotspot/share/classfile/systemDictionary.cpp, line 231]
Event: 11.822 Thread 0x00000205bc94d800 Exception <a 'java/lang/ClassNotFoundException'{0x0000000086e984c0}: org/gradle/initialization/DefaultProjectDescriptorBeanInfo> (0x0000000086e984c0) thrown at [./src/hotspot/share/classfile/systemDictionary.cpp, line 231]
Event: 11.823 Thread 0x00000205bc94d800 Exception <a 'java/lang/ClassNotFoundException'{0x0000000086ec14d8}: org/gradle/initialization/DefaultProjectDescriptorCustomizer> (0x0000000086ec14d8) thrown at [./src/hotspot/share/classfile/systemDictionary.cpp, line 231]
Event: 11.828 Thread 0x00000205bc94d800 Implicit null exception at 0x00000205aaee0d6c to 0x00000205aaee0e14
Event: 12.176 Thread 0x00000205bdefa800 Exception <a 'java/lang/NoSuchMethodError'{0x0000000087d0f138}: <clinit>> (0x0000000087d0f138) thrown at [./src/hotspot/share/prims/jni.cpp, line 1362]
Event: 12.177 Thread 0x00000205bdefa800 Exception <a 'java/lang/NoSuchMethodError'{0x0000000087d10828}: <clinit>> (0x0000000087d10828) thrown at [./src/hotspot/share/prims/jni.cpp, line 1362]
Event: 12.179 Thread 0x00000205bdefa800 Exception <a 'java/lang/NoSuchMethodError'{0x000000008638e938}: <clinit>> (0x000000008638e938) thrown at [./src/hotspot/share/prims/jni.cpp, line 1362]
Event: 12.179 Thread 0x00000205bdefa800 Exception <a 'java/lang/NoSuchMethodError'{0x0000000086390788}: <clinit>> (0x0000000086390788) thrown at [./src/hotspot/share/prims/jni.cpp, line 1362]
Event: 12.182 Thread 0x00000205bdefa800 Exception <a 'java/lang/NoSuchMethodError'{0x000000008639fd88}: <clinit>> (0x000000008639fd88) thrown at [./src/hotspot/share/prims/jni.cpp, line 1362]
Event: 12.464 Thread 0x00000205bc94d800 Implicit null exception at 0x00000205aae8a4f4 to 0x00000205aae8a704
Event: 12.797 Thread 0x00000205bc94d800 Exception <a 'java/lang/ClassNotFoundException'{0x00000000850bc6d8}: build_5ru21nrh70650wujkt7aftcaqBeanInfo> (0x00000000850bc6d8) thrown at [./src/hotspot/share/classfile/systemDictionary.cpp, line 231]
Event: 12.798 Thread 0x00000205bc94d800 Exception <a 'java/lang/ClassNotFoundException'{0x00000000850d4200}: org/gradle/api/internal/project/ProjectScriptBeanInfo> (0x00000000850d4200) thrown at [./src/hotspot/share/classfile/systemDictionary.cpp, line 231]
Event: 12.799 Thread 0x00000205bc94d800 Exception <a 'java/lang/ClassNotFoundException'{0x00000000850eb7b8}: org/gradle/api/internal/project/ProjectScriptCustomizer> (0x00000000850eb7b8) thrown at [./src/hotspot/share/classfile/systemDictionary.cpp, line 231]
Event: 12.801 Thread 0x00000205bc94d800 Exception <a 'java/lang/ClassNotFoundException'{0x0000000084f07890}: build_5ru21nrh70650wujkt7aftcaqCustomizer> (0x0000000084f07890) thrown at [./src/hotspot/share/classfile/systemDictionary.cpp, line 231]
Event: 12.814 Thread 0x00000205bc94d800 Exception <a 'java/lang/ClassNotFoundException'{0x0000000084f95ca0}: org/gradle/plugin/use/internal/PluginRequestCollector$PluginDependenciesSpecImplBeanInfo> (0x0000000084f95ca0) thrown at [./src/hotspot/share/classfile/systemDictionary.cpp, line 231]
Event: 12.816 Thread 0x00000205bc94d800 Exception <a 'java/lang/ClassNotFoundException'{0x0000000084fc8260}: org/gradle/plugin/use/internal/PluginRequestCollector$PluginDependenciesSpecImplCustomizer> (0x0000000084fc8260) thrown at [./src/hotspot/share/classfile/systemDictionary.cpp, line 231]
Event: 12.826 Thread 0x00000205bc94d800 Exception <a 'java/lang/ClassNotFoundException'{0x0000000084e32750}: org/gradle/plugin/use/internal/PluginRequestCollector$PluginDependencySpecImplBeanInfo> (0x0000000084e32750) thrown at [./src/hotspot/share/classfile/systemDictionary.cpp, line 231]
Event: 12.828 Thread 0x00000205bc94d800 Exception <a 'java/lang/ClassNotFoundException'{0x0000000084e63ef8}: org/gradle/plugin/use/internal/PluginRequestCollector$PluginDependencySpecImplCustomizer> (0x0000000084e63ef8) thrown at [./src/hotspot/share/classfile/systemDictionary.cpp, line 231]

Events (20 events):
Event: 12.907 loading class org/gradle/api/internal/artifacts/configurations/DefaultConfiguration$ConfigurationFileCollection
Event: 12.907 loading class org/gradle/api/internal/artifacts/configurations/DefaultConfiguration$ConfigurationFileCollection done
Event: 12.908 loading class org/gradle/api/internal/artifacts/configurations/OutgoingVariant
Event: 12.908 loading class org/gradle/api/internal/artifacts/configurations/OutgoingVariant done
Event: 12.909 loading class org/gradle/api/internal/artifacts/DefaultDependencySet
Event: 12.909 loading class org/gradle/api/internal/artifacts/DefaultDependencySet done
Event: 12.910 loading class org/gradle/api/internal/DelegatingDomainObjectSet
Event: 12.910 loading class org/gradle/api/internal/DelegatingDomainObjectSet done
Event: 12.913 loading class org/gradle/api/internal/artifacts/DefaultDependencyConstraintSet
Event: 12.913 loading class org/gradle/api/internal/artifacts/DefaultDependencyConstraintSet done
Event: 12.915 loading class org/gradle/api/internal/CompositeDomainObjectSet
Event: 12.915 loading class org/gradle/api/internal/CompositeDomainObjectSet done
Event: 12.917 loading class org/gradle/api/internal/artifacts/DefaultPublishArtifactSet
Event: 12.917 loading class org/gradle/api/internal/artifacts/DefaultPublishArtifactSet done
Event: 12.918 loading class org/gradle/api/internal/artifacts/configurations/DefaultConfiguration$ConfigurationResolvableDependencies
Event: 12.918 loading class org/gradle/api/internal/artifacts/configurations/DefaultConfiguration$ConfigurationResolvableDependencies done
Event: 12.920 loading class org/gradle/api/internal/artifacts/configurations/ResolvableDependenciesInternal
Event: 12.920 loading class org/gradle/api/internal/artifacts/configurations/ResolvableDependenciesInternal done
Event: 12.922 loading class org/gradle/api/internal/artifacts/configurations/DefaultConfigurationPublications
Event: 12.922 loading class org/gradle/api/internal/artifacts/configurations/DefaultConfigurationPublications done


Dynamic libraries:
0x00007ff633dd0000 - 0x00007ff633dda000 	C:\Program Files\Android\Android Studio\jre\bin\java.exe
0x00007ffaa9750000 - 0x00007ffaa9964000 	C:\WINDOWS\SYSTEM32\ntdll.dll
0x00007ffaa87d0000 - 0x00007ffaa8893000 	C:\WINDOWS\System32\KERNEL32.DLL
0x00007ffaa6c80000 - 0x00007ffaa701c000 	C:\WINDOWS\System32\KERNELBASE.dll
0x00007ffaa7440000 - 0x00007ffaa7551000 	C:\WINDOWS\System32\ucrtbase.dll
0x00007ffa7f7d0000 - 0x00007ffa7f7e7000 	C:\Program Files\Android\Android Studio\jre\bin\VCRUNTIME140.dll
0x00007ffa804b0000 - 0x00007ffa804c9000 	C:\Program Files\Android\Android Studio\jre\bin\jli.dll
0x00007ffaa7560000 - 0x00007ffaa770d000 	C:\WINDOWS\System32\USER32.dll
0x00007ffaa6b90000 - 0x00007ffaa6bb6000 	C:\WINDOWS\System32\win32u.dll
0x00007ffa8dc40000 - 0x00007ffa8dece000 	C:\WINDOWS\WinSxS\amd64_microsoft.windows.common-controls_6595b64144ccf1df_6.0.22621.608_none_a9444ca7c10bb01d\COMCTL32.dll
0x00007ffaa9570000 - 0x00007ffaa9599000 	C:\WINDOWS\System32\GDI32.dll
0x00007ffaa7230000 - 0x00007ffaa7343000 	C:\WINDOWS\System32\gdi32full.dll
0x00007ffaa7020000 - 0x00007ffaa70ba000 	C:\WINDOWS\System32\msvcp_win.dll
0x00007ffaa94c0000 - 0x00007ffaa9567000 	C:\WINDOWS\System32\msvcrt.dll
0x00007ffaa8790000 - 0x00007ffaa87c1000 	C:\WINDOWS\System32\IMM32.DLL
0x00007ffa6d0b0000 - 0x00007ffa6d14d000 	C:\Program Files\Android\Android Studio\jre\bin\msvcp140.dll
0x00007ffa5b430000 - 0x00007ffa5bf05000 	C:\Program Files\Android\Android Studio\jre\bin\server\jvm.dll
0x00007ffaa7bb0000 - 0x00007ffaa7c5e000 	C:\WINDOWS\System32\ADVAPI32.dll
0x00007ffaa89d0000 - 0x00007ffaa8a74000 	C:\WINDOWS\System32\sechost.dll
0x00007ffaa8120000 - 0x00007ffaa8235000 	C:\WINDOWS\System32\RPCRT4.dll
0x00007ffaa9450000 - 0x00007ffaa9458000 	C:\WINDOWS\System32\PSAPI.DLL
0x00007ffa9fdc0000 - 0x00007ffa9fdf4000 	C:\WINDOWS\SYSTEM32\WINMM.dll
0x00007ffa9f270000 - 0x00007ffa9f27a000 	C:\WINDOWS\SYSTEM32\VERSION.dll
0x00007ffa9feb0000 - 0x00007ffa9feb9000 	C:\WINDOWS\SYSTEM32\WSOCK32.dll
0x00007ffaa8ae0000 - 0x00007ffaa8b51000 	C:\WINDOWS\System32\WS2_32.dll
0x00007ffaa5cd0000 - 0x00007ffaa5ce8000 	C:\WINDOWS\SYSTEM32\kernel.appcore.dll
0x00007ffaa20d0000 - 0x00007ffaa20e1000 	C:\Program Files\Android\Android Studio\jre\bin\verify.dll
0x00007ffa99400000 - 0x00007ffa9962e000 	C:\WINDOWS\SYSTEM32\DBGHELP.DLL
0x00007ffaa8240000 - 0x00007ffaa85c9000 	C:\WINDOWS\System32\combase.dll
0x00007ffaa9370000 - 0x00007ffaa9447000 	C:\WINDOWS\System32\OLEAUT32.dll
0x00007ffa93b00000 - 0x00007ffa93b32000 	C:\WINDOWS\SYSTEM32\dbgcore.DLL
0x00007ffaa73c0000 - 0x00007ffaa743b000 	C:\WINDOWS\System32\bcryptPrimitives.dll
0x00007ffa92650000 - 0x00007ffa92679000 	C:\Program Files\Android\Android Studio\jre\bin\java.dll
0x00007ffaa2150000 - 0x00007ffaa215b000 	C:\Program Files\Android\Android Studio\jre\bin\jimage.dll
0x00007ffaa20a0000 - 0x00007ffaa20b8000 	C:\Program Files\Android\Android Studio\jre\bin\zip.dll
0x00007ffaa8b80000 - 0x00007ffaa9370000 	C:\WINDOWS\System32\SHELL32.dll
0x00007ffaa4ba0000 - 0x00007ffaa546e000 	C:\WINDOWS\SYSTEM32\windows.storage.dll
0x00007ffaa4a50000 - 0x00007ffaa4b8e000 	C:\WINDOWS\SYSTEM32\wintypes.dll
0x00007ffaa95a0000 - 0x00007ffaa9691000 	C:\WINDOWS\System32\SHCORE.dll
0x00007ffaa96b0000 - 0x00007ffaa970e000 	C:\WINDOWS\System32\shlwapi.dll
0x00007ffaa6ac0000 - 0x00007ffaa6ae1000 	C:\WINDOWS\SYSTEM32\profapi.dll
0x00007ffaa0aa0000 - 0x00007ffaa0aba000 	C:\Program Files\Android\Android Studio\jre\bin\net.dll
0x00007ffaa1280000 - 0x00007ffaa13af000 	C:\WINDOWS\SYSTEM32\WINHTTP.dll
0x00007ffaa6140000 - 0x00007ffaa61a9000 	C:\WINDOWS\system32\mswsock.dll
0x00007ffa99370000 - 0x00007ffa99384000 	C:\Program Files\Android\Android Studio\jre\bin\nio.dll
0x00007ffa86130000 - 0x00007ffa86157000 	C:\Users\NILADRI\.gradle\native\e1d6ef7f7dcc3fd88c89a11ec53ec762bb8ba0a96d01ffa2cd45eb1d1d8dd5c5\windows-amd64\native-platform.dll
0x00007ffa60120000 - 0x00007ffa60264000 	C:\Users\NILADRI\.gradle\native\5664cfc778a61ccfe75a443a1ab52a65af34e5dc3c78e0209fed803814484fcb\windows-amd64\native-platform-file-events.dll
0x00007ffaa2040000 - 0x00007ffaa204a000 	C:\Program Files\Android\Android Studio\jre\bin\management.dll
0x00007ffaa2020000 - 0x00007ffaa202d000 	C:\Program Files\Android\Android Studio\jre\bin\management_ext.dll
0x00007ffaa63b0000 - 0x00007ffaa63cb000 	C:\WINDOWS\SYSTEM32\CRYPTSP.dll
0x00007ffaa5c40000 - 0x00007ffaa5c75000 	C:\WINDOWS\system32\rsaenh.dll
0x00007ffaa6240000 - 0x00007ffaa6268000 	C:\WINDOWS\SYSTEM32\USERENV.dll
0x00007ffaa6560000 - 0x00007ffaa6588000 	C:\WINDOWS\SYSTEM32\bcrypt.dll
0x00007ffaa63a0000 - 0x00007ffaa63ac000 	C:\WINDOWS\SYSTEM32\CRYPTBASE.dll
0x00007ffaa5740000 - 0x00007ffaa576d000 	C:\WINDOWS\SYSTEM32\IPHLPAPI.DLL
0x00007ffaa96a0000 - 0x00007ffaa96a9000 	C:\WINDOWS\System32\NSI.dll
0x00007ffa9f370000 - 0x00007ffa9f389000 	C:\WINDOWS\SYSTEM32\dhcpcsvc6.DLL
0x00007ffa9f350000 - 0x00007ffa9f36f000 	C:\WINDOWS\SYSTEM32\dhcpcsvc.DLL
0x00007ffaa5770000 - 0x00007ffaa5863000 	C:\WINDOWS\SYSTEM32\DNSAPI.dll

dbghelp: loaded successfully - version: 4.0.5 - missing functions: none
symbol engine: initialized successfully - sym options: 0x614 - pdb path: .;C:\Program Files\Android\Android Studio\jre\bin;C:\WINDOWS\SYSTEM32;C:\WINDOWS\WinSxS\amd64_microsoft.windows.common-controls_6595b64144ccf1df_6.0.22621.608_none_a9444ca7c10bb01d;C:\Program Files\Android\Android Studio\jre\bin\server;C:\Users\NILADRI\.gradle\native\e1d6ef7f7dcc3fd88c89a11ec53ec762bb8ba0a96d01ffa2cd45eb1d1d8dd5c5\windows-amd64;C:\Users\NILADRI\.gradle\native\5664cfc778a61ccfe75a443a1ab52a65af34e5dc3c78e0209fed803814484fcb\windows-amd64

VM Arguments:
jvm_args: --add-opens=java.base/java.util=ALL-UNNAMED --add-opens=java.base/java.lang=ALL-UNNAMED --add-opens=java.base/java.lang.invoke=ALL-UNNAMED --add-opens=java.base/java.util=ALL-UNNAMED --add-opens=java.prefs/java.util.prefs=ALL-UNNAMED --add-opens=java.prefs/java.util.prefs=ALL-UNNAMED --add-opens=java.base/java.nio.charset=ALL-UNNAMED --add-opens=java.base/java.net=ALL-UNNAMED --add-opens=java.base/java.util.concurrent.atomic=ALL-UNNAMED -Xmx2048m -Dfile.encoding=UTF-8 -Duser.country=GB -Duser.language=en -Duser.variant 
java_command: org.gradle.launcher.daemon.bootstrap.GradleDaemon 7.2
java_class_path (initial): C:\Users\NILADRI\.gradle\wrapper\dists\gradle-7.2-bin\2dnblmf4td7x66yl1d74lt32g\gradle-7.2\lib\gradle-launcher-7.2.jar
Launcher Type: SUN_STANDARD

[Global flags]
     intx CICompilerCount                          = 4                                         {product} {ergonomic}
     uint ConcGCThreads                            = 2                                         {product} {ergonomic}
     uint G1ConcRefinementThreads                  = 8                                         {product} {ergonomic}
   size_t G1HeapRegionSize                         = 1048576                                   {product} {ergonomic}
    uintx GCDrainStackTargetSize                   = 64                                        {product} {ergonomic}
   size_t InitialHeapSize                          = 132120576                                 {product} {ergonomic}
   size_t MarkStackSize                            = 4194304                                   {product} {ergonomic}
   size_t MaxHeapSize                              = 2147483648                                {product} {command line}
   size_t MaxNewSize                               = 1287651328                                {product} {ergonomic}
   size_t MinHeapDeltaBytes                        = 1048576                                   {product} {ergonomic}
    uintx NonNMethodCodeHeapSize                   = 5836300                                {pd product} {ergonomic}
    uintx NonProfiledCodeHeapSize                  = 122910970                              {pd product} {ergonomic}
    uintx ProfiledCodeHeapSize                     = 122910970                              {pd product} {ergonomic}
    uintx ReservedCodeCacheSize                    = 251658240                              {pd product} {ergonomic}
     bool SegmentedCodeCache                       = true                                      {product} {ergonomic}
     bool UseCompressedClassPointers               = true                                 {lp64_product} {ergonomic}
     bool UseCompressedOops                        = true                                 {lp64_product} {ergonomic}
     bool UseG1GC                                  = true                                      {product} {ergonomic}
     bool UseLargePagesIndividualAllocation        = false                                  {pd product} {ergonomic}

Logging:
Log output configuration:
 #0: stdout all=warning uptime,level,tags
 #1: stderr all=off uptime,level,tags

Environment Variables:
PATH=C:\Program Files\Common Files\Oracle\Java\javapath;C:\Windows\system32;C:\Windows;C:\Windows\System32\Wbem;C:\Windows\System32\WindowsPowerShell\v1.0\;C:\Windows\System32\OpenSSH\;C:\Program Files (x86)\NVIDIA Corporation\PhysX\Common;C:\Program Files\NVIDIA Corporation\NVIDIA NvDLISR;C:\WINDOWS\system32;C:\WINDOWS;C:\WINDOWS\System32\Wbem;C:\WINDOWS\System32\WindowsPowerShell\v1.0\;C:\WINDOWS\System32\OpenSSH\;C:\Program Files\MATLAB\R2016a\runtime\win64;C:\Program Files\MATLAB\R2016a\bin;C:\Program Files\MATLAB\R2016a\polyspace\bin;C:\MinGW\bin;C:\Program Files\Java\jdk-17.0.1\bin;C:\Program Files (x86)\IVI\bin;C:\Program Files (x86)\IVI Foundation\VISA\WinNT\Bin;C:\PROGRA~2\IVIFOU~1\VISA\WinNT\Bin;C:\Users\NILADRI\AppData\Local\Microsoft\WindowsApps;;C:\Users\NILADRI\AppData\Local\Programs\Microsoft VS Code\bin
USERNAME=NILADRI
OS=Windows_NT
PROCESSOR_IDENTIFIER=Intel64 Family 6 Model 142 Stepping 12, GenuineIntel



---------------  S Y S T E M  ---------------

OS: Windows 10 , 64 bit Build 22621 (10.0.22621.1344)
OS uptime: 9 days 11:27 hours

CPU:total 8 (initial active 8) (4 cores per cpu, 2 threads per core) family 6 model 142 stepping 12 microcode 0xde, cmov, cx8, fxsr, mmx, sse, sse2, sse3, ssse3, sse4.1, sse4.2, popcnt, avx, avx2, aes, clmul, erms, 3dnowpref, lzcnt, ht, tsc, tscinvbit, bmi1, bmi2, adx, fma

Memory: 4k page, system-wide physical 8022M (74M free)
TotalPageFile size 26772M (AvailPageFile size 4M)
current process WorkingSet (physical memory assigned to process): 230M, peak: 230M
current process commit charge ("private bytes"): 306M, peak: 310M

vm_info: OpenJDK 64-Bit Server VM (11.0.11+9-b60-7590822) for windows-amd64 JRE (11.0.11+9-b60-7590822), built on Jul 29 2021 21:43:44 by "builder" with MS VC++ 14.0 (VS2015)

END.
