#
# There is insufficient memory for the Java Runtime Environment to continue.
# Native memory allocation (malloc) failed to allocate 1195056 bytes for Chunk::new
# Possible reasons:
#   The system is out of physical RAM or swap space
#   The process is running with CompressedOops enabled, and the Java Heap may be blocking the growth of the native heap
# Possible solutions:
#   Reduce memory load on the system
#   Increase physical memory or swap space
#   Check if swap backing store is full
#   Decrease Java heap size (-Xmx/-Xms)
#   Decrease number of Java threads
#   Decrease Java thread stack sizes (-Xss)
#   Set larger code cache with -XX:ReservedCodeCacheSize=
#   JVM is running with Unscaled Compressed Oops mode in which the Java heap is
#     placed in the first 4GB address space. The Java Heap base address is the
#     maximum limit for the native heap growth. Please use -XX:HeapBaseMinAddress
#     to set the Java Heap base and to place the Java Heap above 4GB virtual address.
# This output file may be truncated or incomplete.
#
#  Out of Memory Error (./src/hotspot/share/memory/arena.cpp:197), pid=8740, tid=29212
#
# JRE version: OpenJDK Runtime Environment (11.0.11+9) (build 11.0.11+9-b60-7590822)
# Java VM: OpenJDK 64-Bit Server VM (11.0.11+9-b60-7590822, mixed mode, tiered, compressed oops, g1 gc, windows-amd64)
# No core dump will be written. Minidumps are not enabled by default on client versions of Windows
#

---------------  S U M M A R Y ------------

Command Line: --add-opens=java.base/java.util=ALL-UNNAMED --add-opens=java.base/java.lang=ALL-UNNAMED --add-opens=java.base/java.lang.invoke=ALL-UNNAMED --add-opens=java.base/java.util=ALL-UNNAMED --add-opens=java.prefs/java.util.prefs=ALL-UNNAMED --add-opens=java.prefs/java.util.prefs=ALL-UNNAMED --add-opens=java.base/java.nio.charset=ALL-UNNAMED --add-opens=java.base/java.net=ALL-UNNAMED --add-opens=java.base/java.util.concurrent.atomic=ALL-UNNAMED -Xmx2048m -Dfile.encoding=UTF-8 -Duser.country=GB -Duser.language=en -Duser.variant org.gradle.launcher.daemon.bootstrap.GradleDaemon 7.2

Host: Intel(R) Core(TM) i5-10210U CPU @ 1.60GHz, 8 cores, 7G,  Windows 10 , 64 bit Build 22621 (10.0.22621.1344)
Time: Fri Apr  7 11:03:54 2023 India Standard Time elapsed time: 5.461110 seconds (0d 0h 0m 5s)

---------------  T H R E A D  ---------------

Current thread (0x000002b6949e0800):  JavaThread "C2 CompilerThread1" daemon [_thread_in_native, id=29212, stack(0x000000c1fc900000,0x000000c1fca00000)]


Current CompileTask:
C2:   5461 2541  s!   4       jdk.internal.loader.URLClassPath::getLoader (194 bytes)

Stack: [0x000000c1fc900000,0x000000c1fca00000]
Native frames: (J=compiled Java code, j=interpreted, Vv=VM code, C=native code)
V  [jvm.dll+0x5f214a]
V  [jvm.dll+0x726fb5]
V  [jvm.dll+0x7285cd]
V  [jvm.dll+0x728c83]
V  [jvm.dll+0x243278]
V  [jvm.dll+0xbc53c]
V  [jvm.dll+0xbca3c]
V  [jvm.dll+0x353e7d]
V  [jvm.dll+0x321893]
V  [jvm.dll+0x320d8a]
V  [jvm.dll+0x1fc1e2]
V  [jvm.dll+0x1fb3d4]
V  [jvm.dll+0x183d6c]
V  [jvm.dll+0x209a57]
V  [jvm.dll+0x2082a1]
V  [jvm.dll+0x6ef58f]
V  [jvm.dll+0x6e80b5]
V  [jvm.dll+0x5f1036]
C  [ucrtbase.dll+0x29363]
C  [KERNEL32.DLL+0x126bd]
C  [ntdll.dll+0x5a9f8]


---------------  P R O C E S S  ---------------

Threads class SMR info:
_java_thread_list=0x000002b6957ba1b0, length=32, elements={
0x000002b6f72da000, 0x000002b691842800, 0x000002b69184d800, 0x000002b6921b3800,
0x000002b6921b5000, 0x000002b6921b9800, 0x000002b69185b000, 0x000002b691864000,
0x000002b691865800, 0x000002b69230b800, 0x000002b694b80000, 0x000002b695508000,
0x000002b69455d800, 0x000002b694030000, 0x000002b692fb0800, 0x000002b6935fb800,
0x000002b6935fc800, 0x000002b6945a6000, 0x000002b693350000, 0x000002b694359800,
0x000002b69435a800, 0x000002b69435d800, 0x000002b69435b000, 0x000002b6949e0800,
0x000002b69435e800, 0x000002b694359000, 0x000002b69435c000, 0x000002b69435d000,
0x000002b69435f800, 0x000002b695d4b000, 0x000002b695d4c000, 0x000002b6959dc800
}

Java Threads: ( => current thread )
  0x000002b6f72da000 JavaThread "main" [_thread_blocked, id=7828, stack(0x000000c1fa200000,0x000000c1fa300000)]
  0x000002b691842800 JavaThread "Reference Handler" daemon [_thread_blocked, id=29600, stack(0x000000c1fa900000,0x000000c1faa00000)]
  0x000002b69184d800 JavaThread "Finalizer" daemon [_thread_blocked, id=32828, stack(0x000000c1faa00000,0x000000c1fab00000)]
  0x000002b6921b3800 JavaThread "Signal Dispatcher" daemon [_thread_blocked, id=10092, stack(0x000000c1fab00000,0x000000c1fac00000)]
  0x000002b6921b5000 JavaThread "Attach Listener" daemon [_thread_blocked, id=20712, stack(0x000000c1fac00000,0x000000c1fad00000)]
  0x000002b6921b9800 JavaThread "Service Thread" daemon [_thread_blocked, id=19060, stack(0x000000c1fad00000,0x000000c1fae00000)]
  0x000002b69185b000 JavaThread "C2 CompilerThread0" daemon [_thread_in_native, id=29292, stack(0x000000c1fae00000,0x000000c1faf00000)]
  0x000002b691864000 JavaThread "C1 CompilerThread0" daemon [_thread_blocked, id=30952, stack(0x000000c1faf00000,0x000000c1fb000000)]
  0x000002b691865800 JavaThread "Sweeper thread" daemon [_thread_blocked, id=32192, stack(0x000000c1fb000000,0x000000c1fb100000)]
  0x000002b69230b800 JavaThread "Common-Cleaner" daemon [_thread_blocked, id=30580, stack(0x000000c1fb100000,0x000000c1fb200000)]
  0x000002b694b80000 JavaThread "Daemon health stats" [_thread_blocked, id=30220, stack(0x000000c1fb600000,0x000000c1fb700000)]
  0x000002b695508000 JavaThread "Incoming local TCP Connector on port 49869" [_thread_in_native, id=30852, stack(0x000000c1fb300000,0x000000c1fb400000)]
  0x000002b69455d800 JavaThread "Daemon periodic checks" [_thread_blocked, id=21272, stack(0x000000c1fb700000,0x000000c1fb800000)]
  0x000002b694030000 JavaThread "Daemon" [_thread_blocked, id=33548, stack(0x000000c1fb800000,0x000000c1fb900000)]
  0x000002b692fb0800 JavaThread "Handler for socket connection from /127.0.0.1:49869 to /127.0.0.1:49870" [_thread_in_native, id=16684, stack(0x000000c1fb900000,0x000000c1fba00000)]
  0x000002b6935fb800 JavaThread "Cancel handler" [_thread_blocked, id=30988, stack(0x000000c1fba00000,0x000000c1fbb00000)]
  0x000002b6935fc800 JavaThread "Daemon worker" [_thread_in_vm, id=28708, stack(0x000000c1fbb00000,0x000000c1fbc00000)]
  0x000002b6945a6000 JavaThread "Asynchronous log dispatcher for DefaultDaemonConnection: socket connection from /127.0.0.1:49869 to /127.0.0.1:49870" [_thread_blocked, id=26988, stack(0x000000c1fbc00000,0x000000c1fbd00000)]
  0x000002b693350000 JavaThread "Stdin handler" [_thread_blocked, id=31580, stack(0x000000c1fbd00000,0x000000c1fbe00000)]
  0x000002b694359800 JavaThread "Daemon client event forwarder" [_thread_blocked, id=1832, stack(0x000000c1fbe00000,0x000000c1fbf00000)]
  0x000002b69435a800 JavaThread "Cache worker for journal cache (C:\Users\NILADRI\.gradle\caches\journal-1)" [_thread_blocked, id=31532, stack(0x000000c1fc500000,0x000000c1fc600000)]
  0x000002b69435d800 JavaThread "File lock request listener" [_thread_in_native, id=29092, stack(0x000000c1fc600000,0x000000c1fc700000)]
  0x000002b69435b000 JavaThread "Cache worker for file hash cache (C:\Users\NILADRI\.gradle\caches\7.2\fileHashes)" [_thread_blocked, id=8948, stack(0x000000c1fc700000,0x000000c1fc800000)]
=>0x000002b6949e0800 JavaThread "C2 CompilerThread1" daemon [_thread_in_native, id=29212, stack(0x000000c1fc900000,0x000000c1fca00000)]
  0x000002b69435e800 JavaThread "Cache worker for file hash cache (C:\Users\NILADRI\AndroidStudioProjects\weather_Appnsb\.gradle\7.2\fileHashes)" [_thread_blocked, id=28660, stack(0x000000c1fca00000,0x000000c1fcb00000)]
  0x000002b694359000 JavaThread "File watcher server" daemon [_thread_in_native, id=11240, stack(0x000000c1fcc00000,0x000000c1fcd00000)]
  0x000002b69435c000 JavaThread "File watcher consumer" daemon [_thread_blocked, id=27472, stack(0x000000c1fcd00000,0x000000c1fce00000)]
  0x000002b69435d000 JavaThread "Cache worker for checksums cache (C:\Users\NILADRI\AndroidStudioProjects\weather_Appnsb\.gradle\checksums)" [_thread_blocked, id=32500, stack(0x000000c1fcb00000,0x000000c1fcc00000)]
  0x000002b69435f800 JavaThread "Cache worker for cache directory md-supplier (C:\Users\NILADRI\.gradle\caches\7.2\md-supplier)" [_thread_blocked, id=9636, stack(0x000000c1fce00000,0x000000c1fcf00000)]
  0x000002b695d4b000 JavaThread "Cache worker for cache directory md-rule (C:\Users\NILADRI\.gradle\caches\7.2\md-rule)" [_thread_blocked, id=2348, stack(0x000000c1fcf00000,0x000000c1fd000000)]
  0x000002b695d4c000 JavaThread "Cache worker for execution history cache (C:\Users\NILADRI\.gradle\caches\7.2\executionHistory)" [_thread_blocked, id=31700, stack(0x000000c1fd000000,0x000000c1fd100000)]
  0x000002b6959dc800 JavaThread "C2 CompilerThread2" daemon [_thread_in_vm, id=15644, stack(0x000000c1fd100000,0x000000c1fd200000)]

Other Threads:
  0x000002b69183e000 VMThread "VM Thread" [stack: 0x000000c1fa800000,0x000000c1fa900000] [id=20428]
  0x000002b69231b800 WatcherThread [stack: 0x000000c1fb200000,0x000000c1fb300000] [id=864]
  0x000002b6f72f1800 GCTaskThread "GC Thread#0" [stack: 0x000000c1fa300000,0x000000c1fa400000] [id=4548]
  0x000002b692e38800 GCTaskThread "GC Thread#1" [stack: 0x000000c1fb400000,0x000000c1fb500000] [id=25924]
  0x000002b693141800 GCTaskThread "GC Thread#2" [stack: 0x000000c1fb500000,0x000000c1fb600000] [id=32996]
  0x000002b693350800 GCTaskThread "GC Thread#3" [stack: 0x000000c1fbf00000,0x000000c1fc000000] [id=32584]
  0x000002b694511800 GCTaskThread "GC Thread#4" [stack: 0x000000c1fc000000,0x000000c1fc100000] [id=9932]
  0x000002b694592800 GCTaskThread "GC Thread#5" [stack: 0x000000c1fc100000,0x000000c1fc200000] [id=30816]
  0x000002b694593000 GCTaskThread "GC Thread#6" [stack: 0x000000c1fc200000,0x000000c1fc300000] [id=20932]
  0x000002b6942cc000 GCTaskThread "GC Thread#7" [stack: 0x000000c1fc300000,0x000000c1fc400000] [id=16640]
  0x000002b6f7325800 ConcurrentGCThread "G1 Main Marker" [stack: 0x000000c1fa400000,0x000000c1fa500000] [id=19344]
  0x000002b6f7327000 ConcurrentGCThread "G1 Conc#0" [stack: 0x000000c1fa500000,0x000000c1fa600000] [id=31100]
  0x000002b694a79800 ConcurrentGCThread "G1 Conc#1" [stack: 0x000000c1fc800000,0x000000c1fc900000] [id=29796]
  0x000002b6f73ac800 ConcurrentGCThread "G1 Refine#0" [stack: 0x000000c1fa600000,0x000000c1fa700000] [id=24000]
  0x000002b695612800 ConcurrentGCThread "G1 Refine#1" [stack: 0x000000c1fc400000,0x000000c1fc500000] [id=19100]
  0x000002b691692800 ConcurrentGCThread "G1 Young RemSet Sampling" [stack: 0x000000c1fa700000,0x000000c1fa800000] [id=8196]

Threads with active compile tasks:
C2 CompilerThread0   5491 2542       4       jdk.internal.loader.URLClassPath::getResource (74 bytes)
C2 CompilerThread1   5491 2541  s!   4       jdk.internal.loader.URLClassPath::getLoader (194 bytes)
C2 CompilerThread2   5491 2683       4       java.lang.String::<init> (15 bytes)

VM state:not at safepoint (normal execution)

VM Mutex/Monitor currently owned by a thread: None

Heap address: 0x0000000080000000, size: 2048 MB, Compressed Oops mode: 32-bit
Narrow klass base: 0x0000000000000000, Narrow klass shift: 3
Compressed class space size: 1073741824 Address: 0x0000000100000000

Heap:
 garbage-first heap   total 129024K, used 69293K [0x0000000080000000, 0x0000000100000000)
  region size 1024K, 53 young (54272K), 3 survivors (3072K)
 Metaspace       used 32384K, capacity 33090K, committed 33280K, reserved 1077248K
  class space    used 4268K, capacity 4538K, committed 4608K, reserved 1048576K
Heap Regions: E=young(eden), S=young(survivor), O=old, HS=humongous(starts), HC=humongous(continues), CS=collection set, F=free, A=archive, TAMS=top-at-mark-start (previous, next)
|   0|0x0000000080000000, 0x0000000080100000, 0x0000000080100000|100%| O|  |TAMS 0x0000000080100000, 0x0000000080000000| Untracked 
|   1|0x0000000080100000, 0x0000000080200000, 0x0000000080200000|100%| O|  |TAMS 0x0000000080200000, 0x0000000080100000| Untracked 
|   2|0x0000000080200000, 0x0000000080300000, 0x0000000080300000|100%| O|  |TAMS 0x0000000080300000, 0x0000000080200000| Untracked 
|   3|0x0000000080300000, 0x0000000080400000, 0x0000000080400000|100%|HS|  |TAMS 0x0000000080400000, 0x0000000080300000| Complete 
|   4|0x0000000080400000, 0x0000000080500000, 0x0000000080500000|100%|HC|  |TAMS 0x0000000080500000, 0x0000000080400000| Complete 
|   5|0x0000000080500000, 0x0000000080600000, 0x0000000080600000|100%|HC|  |TAMS 0x0000000080600000, 0x0000000080500000| Complete 
|   6|0x0000000080600000, 0x0000000080700000, 0x0000000080700000|100%| O|  |TAMS 0x0000000080700000, 0x0000000080600000| Untracked 
|   7|0x0000000080700000, 0x0000000080800000, 0x0000000080800000|100%| O|  |TAMS 0x0000000080800000, 0x0000000080700000| Untracked 
|   8|0x0000000080800000, 0x0000000080900000, 0x0000000080900000|100%| O|  |TAMS 0x0000000080900000, 0x0000000080800000| Untracked 
|   9|0x0000000080900000, 0x0000000080a00000, 0x0000000080a00000|100%| O|  |TAMS 0x0000000080a00000, 0x0000000080900000| Untracked 
|  10|0x0000000080a00000, 0x0000000080b00000, 0x0000000080b00000|100%| O|  |TAMS 0x0000000080b00000, 0x0000000080a00000| Untracked 
|  11|0x0000000080b00000, 0x0000000080c00000, 0x0000000080c00000|100%| O|  |TAMS 0x0000000080c00000, 0x0000000080b00000| Untracked 
|  12|0x0000000080c00000, 0x0000000080d00000, 0x0000000080d00000|100%| O|  |TAMS 0x0000000080d00000, 0x0000000080c00000| Untracked 
|  13|0x0000000080d00000, 0x0000000080e00000, 0x0000000080e00000|100%| O|  |TAMS 0x0000000080e00000, 0x0000000080d00000| Untracked 
|  14|0x0000000080e00000, 0x0000000080f00000, 0x0000000080f00000|100%| O|  |TAMS 0x0000000080f00000, 0x0000000080e00000| Untracked 
|  15|0x0000000080f00000, 0x0000000080fc9600, 0x0000000081000000| 78%| O|  |TAMS 0x0000000080fc9600, 0x0000000080f00000| Untracked 
|  16|0x0000000081000000, 0x0000000081000000, 0x0000000081100000|  0%| F|  |TAMS 0x0000000081000000, 0x0000000081000000| Untracked 
|  17|0x0000000081100000, 0x0000000081100000, 0x0000000081200000|  0%| F|  |TAMS 0x0000000081100000, 0x0000000081100000| Untracked 
|  18|0x0000000081200000, 0x0000000081200000, 0x0000000081300000|  0%| F|  |TAMS 0x0000000081200000, 0x0000000081200000| Untracked 
|  19|0x0000000081300000, 0x0000000081300000, 0x0000000081400000|  0%| F|  |TAMS 0x0000000081300000, 0x0000000081300000| Untracked 
|  20|0x0000000081400000, 0x0000000081400000, 0x0000000081500000|  0%| F|  |TAMS 0x0000000081400000, 0x0000000081400000| Untracked 
|  21|0x0000000081500000, 0x0000000081500000, 0x0000000081600000|  0%| F|  |TAMS 0x0000000081500000, 0x0000000081500000| Untracked 
|  22|0x0000000081600000, 0x0000000081600000, 0x0000000081700000|  0%| F|  |TAMS 0x0000000081600000, 0x0000000081600000| Untracked 
|  23|0x0000000081700000, 0x0000000081700000, 0x0000000081800000|  0%| F|  |TAMS 0x0000000081700000, 0x0000000081700000| Untracked 
|  24|0x0000000081800000, 0x0000000081800000, 0x0000000081900000|  0%| F|  |TAMS 0x0000000081800000, 0x0000000081800000| Untracked 
|  25|0x0000000081900000, 0x0000000081900000, 0x0000000081a00000|  0%| F|  |TAMS 0x0000000081900000, 0x0000000081900000| Untracked 
|  26|0x0000000081a00000, 0x0000000081a00000, 0x0000000081b00000|  0%| F|  |TAMS 0x0000000081a00000, 0x0000000081a00000| Untracked 
|  27|0x0000000081b00000, 0x0000000081b00000, 0x0000000081c00000|  0%| F|  |TAMS 0x0000000081b00000, 0x0000000081b00000| Untracked 
|  28|0x0000000081c00000, 0x0000000081c00000, 0x0000000081d00000|  0%| F|  |TAMS 0x0000000081c00000, 0x0000000081c00000| Untracked 
|  29|0x0000000081d00000, 0x0000000081d00000, 0x0000000081e00000|  0%| F|  |TAMS 0x0000000081d00000, 0x0000000081d00000| Untracked 
|  30|0x0000000081e00000, 0x0000000081e00000, 0x0000000081f00000|  0%| F|  |TAMS 0x0000000081e00000, 0x0000000081e00000| Untracked 
|  31|0x0000000081f00000, 0x0000000081f00000, 0x0000000082000000|  0%| F|  |TAMS 0x0000000081f00000, 0x0000000081f00000| Untracked 
|  32|0x0000000082000000, 0x0000000082000000, 0x0000000082100000|  0%| F|  |TAMS 0x0000000082000000, 0x0000000082000000| Untracked 
|  33|0x0000000082100000, 0x0000000082100000, 0x0000000082200000|  0%| F|  |TAMS 0x0000000082100000, 0x0000000082100000| Untracked 
|  34|0x0000000082200000, 0x0000000082200000, 0x0000000082300000|  0%| F|  |TAMS 0x0000000082200000, 0x0000000082200000| Untracked 
|  35|0x0000000082300000, 0x0000000082300000, 0x0000000082400000|  0%| F|  |TAMS 0x0000000082300000, 0x0000000082300000| Untracked 
|  36|0x0000000082400000, 0x0000000082400000, 0x0000000082500000|  0%| F|  |TAMS 0x0000000082400000, 0x0000000082400000| Untracked 
|  37|0x0000000082500000, 0x0000000082500000, 0x0000000082600000|  0%| F|  |TAMS 0x0000000082500000, 0x0000000082500000| Untracked 
|  38|0x0000000082600000, 0x0000000082600000, 0x0000000082700000|  0%| F|  |TAMS 0x0000000082600000, 0x0000000082600000| Untracked 
|  39|0x0000000082700000, 0x0000000082700000, 0x0000000082800000|  0%| F|  |TAMS 0x0000000082700000, 0x0000000082700000| Untracked 
|  40|0x0000000082800000, 0x0000000082800000, 0x0000000082900000|  0%| F|  |TAMS 0x0000000082800000, 0x0000000082800000| Untracked 
|  41|0x0000000082900000, 0x0000000082900000, 0x0000000082a00000|  0%| F|  |TAMS 0x0000000082900000, 0x0000000082900000| Untracked 
|  42|0x0000000082a00000, 0x0000000082a00000, 0x0000000082b00000|  0%| F|  |TAMS 0x0000000082a00000, 0x0000000082a00000| Untracked 
|  43|0x0000000082b00000, 0x0000000082b00000, 0x0000000082c00000|  0%| F|  |TAMS 0x0000000082b00000, 0x0000000082b00000| Untracked 
|  44|0x0000000082c00000, 0x0000000082c00000, 0x0000000082d00000|  0%| F|  |TAMS 0x0000000082c00000, 0x0000000082c00000| Untracked 
|  45|0x0000000082d00000, 0x0000000082d00000, 0x0000000082e00000|  0%| F|  |TAMS 0x0000000082d00000, 0x0000000082d00000| Untracked 
|  46|0x0000000082e00000, 0x0000000082e00000, 0x0000000082f00000|  0%| F|  |TAMS 0x0000000082e00000, 0x0000000082e00000| Untracked 
|  47|0x0000000082f00000, 0x0000000082f00000, 0x0000000083000000|  0%| F|  |TAMS 0x0000000082f00000, 0x0000000082f00000| Untracked 
|  48|0x0000000083000000, 0x0000000083000000, 0x0000000083100000|  0%| F|  |TAMS 0x0000000083000000, 0x0000000083000000| Untracked 
|  49|0x0000000083100000, 0x0000000083100000, 0x0000000083200000|  0%| F|  |TAMS 0x0000000083100000, 0x0000000083100000| Untracked 
|  50|0x0000000083200000, 0x0000000083200000, 0x0000000083300000|  0%| F|  |TAMS 0x0000000083200000, 0x0000000083200000| Untracked 
|  51|0x0000000083300000, 0x0000000083300000, 0x0000000083400000|  0%| F|  |TAMS 0x0000000083300000, 0x0000000083300000| Untracked 
|  52|0x0000000083400000, 0x0000000083400000, 0x0000000083500000|  0%| F|  |TAMS 0x0000000083400000, 0x0000000083400000| Untracked 
|  53|0x0000000083500000, 0x0000000083500000, 0x0000000083600000|  0%| F|  |TAMS 0x0000000083500000, 0x0000000083500000| Untracked 
|  54|0x0000000083600000, 0x0000000083600000, 0x0000000083700000|  0%| F|  |TAMS 0x0000000083600000, 0x0000000083600000| Untracked 
|  55|0x0000000083700000, 0x0000000083700000, 0x0000000083800000|  0%| F|  |TAMS 0x0000000083700000, 0x0000000083700000| Untracked 
|  56|0x0000000083800000, 0x0000000083800000, 0x0000000083900000|  0%| F|  |TAMS 0x0000000083800000, 0x0000000083800000| Untracked 
|  57|0x0000000083900000, 0x0000000083900000, 0x0000000083a00000|  0%| F|  |TAMS 0x0000000083900000, 0x0000000083900000| Untracked 
|  58|0x0000000083a00000, 0x0000000083a00000, 0x0000000083b00000|  0%| F|  |TAMS 0x0000000083a00000, 0x0000000083a00000| Untracked 
|  59|0x0000000083b00000, 0x0000000083b00000, 0x0000000083c00000|  0%| F|  |TAMS 0x0000000083b00000, 0x0000000083b00000| Untracked 
|  60|0x0000000083c00000, 0x0000000083c00000, 0x0000000083d00000|  0%| F|  |TAMS 0x0000000083c00000, 0x0000000083c00000| Untracked 
|  61|0x0000000083d00000, 0x0000000083d00000, 0x0000000083e00000|  0%| F|  |TAMS 0x0000000083d00000, 0x0000000083d00000| Untracked 
|  62|0x0000000083e00000, 0x0000000083e00000, 0x0000000083f00000|  0%| F|  |TAMS 0x0000000083e00000, 0x0000000083e00000| Untracked 
|  63|0x0000000083f00000, 0x0000000083f00000, 0x0000000084000000|  0%| F|  |TAMS 0x0000000083f00000, 0x0000000083f00000| Untracked 
|  64|0x0000000084000000, 0x0000000084000000, 0x0000000084100000|  0%| F|  |TAMS 0x0000000084000000, 0x0000000084000000| Untracked 
|  65|0x0000000084100000, 0x0000000084100000, 0x0000000084200000|  0%| F|  |TAMS 0x0000000084100000, 0x0000000084100000| Untracked 
|  66|0x0000000084200000, 0x0000000084200000, 0x0000000084300000|  0%| F|  |TAMS 0x0000000084200000, 0x0000000084200000| Untracked 
|  67|0x0000000084300000, 0x0000000084300000, 0x0000000084400000|  0%| F|  |TAMS 0x0000000084300000, 0x0000000084300000| Untracked 
|  68|0x0000000084400000, 0x00000000844e2070, 0x0000000084500000| 88%| S|CS|TAMS 0x0000000084400000, 0x0000000084400000| Complete 
|  69|0x0000000084500000, 0x0000000084600000, 0x0000000084600000|100%| S|CS|TAMS 0x0000000084500000, 0x0000000084500000| Complete 
|  70|0x0000000084600000, 0x0000000084700000, 0x0000000084700000|100%| S|CS|TAMS 0x0000000084600000, 0x0000000084600000| Complete 
|  71|0x0000000084700000, 0x0000000084700000, 0x0000000084800000|  0%| F|  |TAMS 0x0000000084700000, 0x0000000084700000| Untracked 
|  72|0x0000000084800000, 0x0000000084800000, 0x0000000084900000|  0%| F|  |TAMS 0x0000000084800000, 0x0000000084800000| Untracked 
|  73|0x0000000084900000, 0x0000000084900000, 0x0000000084a00000|  0%| F|  |TAMS 0x0000000084900000, 0x0000000084900000| Untracked 
|  74|0x0000000084a00000, 0x0000000084a00000, 0x0000000084b00000|  0%| F|  |TAMS 0x0000000084a00000, 0x0000000084a00000| Untracked 
|  75|0x0000000084b00000, 0x0000000084b00000, 0x0000000084c00000|  0%| F|  |TAMS 0x0000000084b00000, 0x0000000084b00000| Untracked 
|  76|0x0000000084c00000, 0x0000000084d00000, 0x0000000084d00000|100%| E|  |TAMS 0x0000000084c00000, 0x0000000084c00000| Complete 
|  77|0x0000000084d00000, 0x0000000084e00000, 0x0000000084e00000|100%| E|CS|TAMS 0x0000000084d00000, 0x0000000084d00000| Complete 
|  78|0x0000000084e00000, 0x0000000084f00000, 0x0000000084f00000|100%| E|CS|TAMS 0x0000000084e00000, 0x0000000084e00000| Complete 
|  79|0x0000000084f00000, 0x0000000085000000, 0x0000000085000000|100%| E|CS|TAMS 0x0000000084f00000, 0x0000000084f00000| Complete 
|  80|0x0000000085000000, 0x0000000085100000, 0x0000000085100000|100%| E|CS|TAMS 0x0000000085000000, 0x0000000085000000| Complete 
|  81|0x0000000085100000, 0x0000000085200000, 0x0000000085200000|100%| E|CS|TAMS 0x0000000085100000, 0x0000000085100000| Complete 
|  82|0x0000000085200000, 0x0000000085300000, 0x0000000085300000|100%| E|CS|TAMS 0x0000000085200000, 0x0000000085200000| Complete 
|  83|0x0000000085300000, 0x0000000085400000, 0x0000000085400000|100%| E|CS|TAMS 0x0000000085300000, 0x0000000085300000| Complete 
|  84|0x0000000085400000, 0x0000000085500000, 0x0000000085500000|100%| E|CS|TAMS 0x0000000085400000, 0x0000000085400000| Complete 
|  85|0x0000000085500000, 0x0000000085600000, 0x0000000085600000|100%| E|CS|TAMS 0x0000000085500000, 0x0000000085500000| Complete 
|  86|0x0000000085600000, 0x0000000085700000, 0x0000000085700000|100%| E|CS|TAMS 0x0000000085600000, 0x0000000085600000| Complete 
|  87|0x0000000085700000, 0x0000000085800000, 0x0000000085800000|100%| E|CS|TAMS 0x0000000085700000, 0x0000000085700000| Complete 
|  88|0x0000000085800000, 0x0000000085900000, 0x0000000085900000|100%| E|CS|TAMS 0x0000000085800000, 0x0000000085800000| Complete 
|  89|0x0000000085900000, 0x0000000085a00000, 0x0000000085a00000|100%| E|CS|TAMS 0x0000000085900000, 0x0000000085900000| Complete 
|  90|0x0000000085a00000, 0x0000000085b00000, 0x0000000085b00000|100%| E|CS|TAMS 0x0000000085a00000, 0x0000000085a00000| Complete 
|  91|0x0000000085b00000, 0x0000000085c00000, 0x0000000085c00000|100%| E|CS|TAMS 0x0000000085b00000, 0x0000000085b00000| Complete 
|  92|0x0000000085c00000, 0x0000000085d00000, 0x0000000085d00000|100%| E|CS|TAMS 0x0000000085c00000, 0x0000000085c00000| Complete 
|  93|0x0000000085d00000, 0x0000000085e00000, 0x0000000085e00000|100%| E|CS|TAMS 0x0000000085d00000, 0x0000000085d00000| Complete 
|  94|0x0000000085e00000, 0x0000000085f00000, 0x0000000085f00000|100%| E|CS|TAMS 0x0000000085e00000, 0x0000000085e00000| Complete 
|  95|0x0000000085f00000, 0x0000000086000000, 0x0000000086000000|100%| E|CS|TAMS 0x0000000085f00000, 0x0000000085f00000| Complete 
|  96|0x0000000086000000, 0x0000000086100000, 0x0000000086100000|100%| E|CS|TAMS 0x0000000086000000, 0x0000000086000000| Complete 
|  97|0x0000000086100000, 0x0000000086200000, 0x0000000086200000|100%| E|CS|TAMS 0x0000000086100000, 0x0000000086100000| Complete 
|  98|0x0000000086200000, 0x0000000086300000, 0x0000000086300000|100%| E|CS|TAMS 0x0000000086200000, 0x0000000086200000| Complete 
|  99|0x0000000086300000, 0x0000000086400000, 0x0000000086400000|100%| E|CS|TAMS 0x0000000086300000, 0x0000000086300000| Complete 
| 100|0x0000000086400000, 0x0000000086500000, 0x0000000086500000|100%| E|CS|TAMS 0x0000000086400000, 0x0000000086400000| Complete 
| 101|0x0000000086500000, 0x0000000086600000, 0x0000000086600000|100%| E|CS|TAMS 0x0000000086500000, 0x0000000086500000| Complete 
| 102|0x0000000086600000, 0x0000000086700000, 0x0000000086700000|100%| E|CS|TAMS 0x0000000086600000, 0x0000000086600000| Complete 
| 103|0x0000000086700000, 0x0000000086800000, 0x0000000086800000|100%| E|CS|TAMS 0x0000000086700000, 0x0000000086700000| Complete 
| 104|0x0000000086800000, 0x0000000086900000, 0x0000000086900000|100%| E|CS|TAMS 0x0000000086800000, 0x0000000086800000| Complete 
| 105|0x0000000086900000, 0x0000000086a00000, 0x0000000086a00000|100%| E|CS|TAMS 0x0000000086900000, 0x0000000086900000| Complete 
| 106|0x0000000086a00000, 0x0000000086b00000, 0x0000000086b00000|100%| E|CS|TAMS 0x0000000086a00000, 0x0000000086a00000| Complete 
| 107|0x0000000086b00000, 0x0000000086c00000, 0x0000000086c00000|100%| E|CS|TAMS 0x0000000086b00000, 0x0000000086b00000| Complete 
| 108|0x0000000086c00000, 0x0000000086d00000, 0x0000000086d00000|100%| E|CS|TAMS 0x0000000086c00000, 0x0000000086c00000| Complete 
| 109|0x0000000086d00000, 0x0000000086e00000, 0x0000000086e00000|100%| E|CS|TAMS 0x0000000086d00000, 0x0000000086d00000| Complete 
| 110|0x0000000086e00000, 0x0000000086f00000, 0x0000000086f00000|100%| E|CS|TAMS 0x0000000086e00000, 0x0000000086e00000| Complete 
| 111|0x0000000086f00000, 0x0000000087000000, 0x0000000087000000|100%| E|CS|TAMS 0x0000000086f00000, 0x0000000086f00000| Complete 
| 112|0x0000000087000000, 0x0000000087100000, 0x0000000087100000|100%| E|CS|TAMS 0x0000000087000000, 0x0000000087000000| Complete 
| 113|0x0000000087100000, 0x0000000087200000, 0x0000000087200000|100%| E|CS|TAMS 0x0000000087100000, 0x0000000087100000| Complete 
| 114|0x0000000087200000, 0x0000000087300000, 0x0000000087300000|100%| E|CS|TAMS 0x0000000087200000, 0x0000000087200000| Complete 
| 115|0x0000000087300000, 0x0000000087400000, 0x0000000087400000|100%| E|CS|TAMS 0x0000000087300000, 0x0000000087300000| Complete 
| 116|0x0000000087400000, 0x0000000087500000, 0x0000000087500000|100%| E|CS|TAMS 0x0000000087400000, 0x0000000087400000| Complete 
| 117|0x0000000087500000, 0x0000000087600000, 0x0000000087600000|100%| E|CS|TAMS 0x0000000087500000, 0x0000000087500000| Complete 
| 118|0x0000000087600000, 0x0000000087700000, 0x0000000087700000|100%| E|CS|TAMS 0x0000000087600000, 0x0000000087600000| Complete 
| 119|0x0000000087700000, 0x0000000087800000, 0x0000000087800000|100%| E|CS|TAMS 0x0000000087700000, 0x0000000087700000| Complete 
| 120|0x0000000087800000, 0x0000000087900000, 0x0000000087900000|100%| E|CS|TAMS 0x0000000087800000, 0x0000000087800000| Complete 
| 121|0x0000000087900000, 0x0000000087a00000, 0x0000000087a00000|100%| E|CS|TAMS 0x0000000087900000, 0x0000000087900000| Complete 
| 122|0x0000000087a00000, 0x0000000087b00000, 0x0000000087b00000|100%| E|CS|TAMS 0x0000000087a00000, 0x0000000087a00000| Complete 
| 123|0x0000000087b00000, 0x0000000087c00000, 0x0000000087c00000|100%| E|CS|TAMS 0x0000000087b00000, 0x0000000087b00000| Complete 
| 124|0x0000000087c00000, 0x0000000087d00000, 0x0000000087d00000|100%| E|CS|TAMS 0x0000000087c00000, 0x0000000087c00000| Complete 
| 125|0x0000000087d00000, 0x0000000087e00000, 0x0000000087e00000|100%| E|CS|TAMS 0x0000000087d00000, 0x0000000087d00000| Complete 

Card table byte_map: [0x000002b6fb500000,0x000002b6fb900000] _byte_map_base: 0x000002b6fb100000

Marking Bits (Prev, Next): (CMBitMap*) 0x000002b6f731ce20, (CMBitMap*) 0x000002b6f731cde8
 Prev Bits: [0x000002b6fdd00000, 0x000002b6ffd00000)
 Next Bits: [0x000002b6fbd00000, 0x000002b6fdd00000)

Polling page: 0x000002b6f6ab0000

Metaspace:

Usage:
  Non-class:     27.95 MB capacity,    27.49 MB ( 98%) used,   393.97 KB (  1%) free+waste,    67.63 KB ( <1%) overhead. 
      Class:      4.43 MB capacity,     4.17 MB ( 94%) used,   233.95 KB (  5%) free+waste,    33.56 KB ( <1%) overhead. 
       Both:     32.38 MB capacity,    31.66 MB ( 98%) used,   627.91 KB (  2%) free+waste,   101.19 KB ( <1%) overhead. 

Virtual space:
  Non-class space:       28.00 MB reserved,      28.00 MB (100%) committed 
      Class space:        1.00 GB reserved,       4.50 MB ( <1%) committed 
             Both:        1.03 GB reserved,      32.50 MB (  3%) committed 

Chunk freelists:
   Non-Class:  56.00 KB
       Class:  6.00 KB
        Both:  62.00 KB

MaxMetaspaceSize: 17179869184.00 GB
CompressedClassSpaceSize: 1.00 GB

CodeHeap 'non-profiled nmethods': size=120000Kb used=1374Kb max_used=1374Kb free=118625Kb
 bounds [0x000002b687ad0000, 0x000002b687d40000, 0x000002b68f000000]
CodeHeap 'profiled nmethods': size=120000Kb used=5655Kb max_used=5655Kb free=114344Kb
 bounds [0x000002b6805a0000, 0x000002b680b30000, 0x000002b687ad0000]
CodeHeap 'non-nmethods': size=5760Kb used=1166Kb max_used=1196Kb free=4593Kb
 bounds [0x000002b680000000, 0x000002b680270000, 0x000002b6805a0000]
 total_blobs=3202 nmethods=2691 adapters=422
 compilation: enabled
              stopped_count=0, restarted_count=0
 full_count=0

Compilation events (20 events):
Event: 5.422 Thread 0x000002b691864000 2671       3       java.lang.PublicMethods$MethodList::getMostSpecific (63 bytes)
Event: 5.422 Thread 0x000002b691864000 nmethod 2671 0x000002b680b1a390 code [0x000002b680b1a560, 0x000002b680b1a868]
Event: 5.422 Thread 0x000002b691864000 2672       3       org.codehaus.groovy.util.ManagedReference::<init> (40 bytes)
Event: 5.422 Thread 0x000002b691864000 nmethod 2672 0x000002b680b1aa10 code [0x000002b680b1ac00, 0x000002b680b1b098]
Event: 5.422 Thread 0x000002b691864000 2673       3       org.codehaus.groovy.util.ManagedReference::<init> (14 bytes)
Event: 5.423 Thread 0x000002b691864000 nmethod 2673 0x000002b680b1b210 code [0x000002b680b1b3e0, 0x000002b680b1b568]
Event: 5.424 Thread 0x000002b691864000 2674   !   3       org.codehaus.groovy.util.LazyReference::getLocked (85 bytes)
Event: 5.425 Thread 0x000002b691864000 nmethod 2674 0x000002b680b1b690 code [0x000002b680b1b9c0, 0x000002b680b1caf8]
Event: 5.425 Thread 0x000002b691864000 2676       3       java.util.Arrays::sort (24 bytes)
Event: 5.425 Thread 0x000002b691864000 nmethod 2676 0x000002b680b1d190 code [0x000002b680b1d340, 0x000002b680b1d488]
Event: 5.426 Thread 0x000002b691864000 2677       3       org.codehaus.groovy.util.LockableObject::tryRelease (45 bytes)
Event: 5.426 Thread 0x000002b691864000 nmethod 2677 0x000002b680b1d590 code [0x000002b680b1d760, 0x000002b680b1da28]
Event: 5.428 Thread 0x000002b691864000 2678       3       java.lang.ClassValue$Entry::version (8 bytes)
Event: 5.429 Thread 0x000002b691864000 nmethod 2678 0x000002b680b1db10 code [0x000002b680b1dcc0, 0x000002b680b1df58]
Event: 5.430 Thread 0x000002b691864000 2679       3       java.lang.Class::getMethod (59 bytes)
Event: 5.431 Thread 0x000002b691864000 nmethod 2679 0x000002b680b1e010 code [0x000002b680b1e2e0, 0x000002b680b1ef08]
Event: 5.431 Thread 0x000002b691864000 2680       3       java.lang.Class::getMethod0 (31 bytes)
Event: 5.431 Thread 0x000002b691864000 nmethod 2680 0x000002b680b1f390 code [0x000002b680b1f560, 0x000002b680b1f778]
Event: 5.431 Thread 0x000002b691864000 2681       3       org.codehaus.groovy.reflection.CachedClass::getInterfaces (11 bytes)
Event: 5.431 Thread 0x000002b691864000 nmethod 2681 0x000002b680b1f890 code [0x000002b680b1fa60, 0x000002b680b1fd08]

GC Heap History (8 events):
Event: 1.368 GC heap before
{Heap before GC invocations=0 (full 0):
 garbage-first heap   total 129024K, used 29696K [0x0000000080000000, 0x0000000100000000)
  region size 1024K, 24 young (24576K), 0 survivors (0K)
 Metaspace       used 10260K, capacity 10487K, committed 10624K, reserved 1058816K
  class space    used 1073K, capacity 1141K, committed 1152K, reserved 1048576K
}
Event: 1.375 GC heap after
{Heap after GC invocations=1 (full 0):
 garbage-first heap   total 129024K, used 9206K [0x0000000080000000, 0x0000000100000000)
  region size 1024K, 3 young (3072K), 3 survivors (3072K)
 Metaspace       used 10260K, capacity 10487K, committed 10624K, reserved 1058816K
  class space    used 1073K, capacity 1141K, committed 1152K, reserved 1048576K
}
Event: 3.254 GC heap before
{Heap before GC invocations=1 (full 0):
 garbage-first heap   total 129024K, used 82934K [0x0000000080000000, 0x0000000100000000)
  region size 1024K, 75 young (76800K), 3 survivors (3072K)
 Metaspace       used 17618K, capacity 17992K, committed 18176K, reserved 1064960K
  class space    used 2085K, capacity 2219K, committed 2304K, reserved 1048576K
}
Event: 3.261 GC heap after
{Heap after GC invocations=2 (full 0):
 garbage-first heap   total 129024K, used 16098K [0x0000000080000000, 0x0000000100000000)
  region size 1024K, 10 young (10240K), 10 survivors (10240K)
 Metaspace       used 17618K, capacity 17992K, committed 18176K, reserved 1064960K
  class space    used 2085K, capacity 2219K, committed 2304K, reserved 1048576K
}
Event: 3.617 GC heap before
{Heap before GC invocations=2 (full 0):
 garbage-first heap   total 129024K, used 41698K [0x0000000080000000, 0x0000000100000000)
  region size 1024K, 36 young (36864K), 10 survivors (10240K)
 Metaspace       used 20691K, capacity 21081K, committed 21248K, reserved 1067008K
  class space    used 2544K, capacity 2695K, committed 2816K, reserved 1048576K
}
Event: 3.627 GC heap after
{Heap after GC invocations=3 (full 0):
 garbage-first heap   total 129024K, used 17453K [0x0000000080000000, 0x0000000100000000)
  region size 1024K, 2 young (2048K), 2 survivors (2048K)
 Metaspace       used 20691K, capacity 21081K, committed 21248K, reserved 1067008K
  class space    used 2544K, capacity 2695K, committed 2816K, reserved 1048576K
}
Event: 4.688 GC heap before
{Heap before GC invocations=4 (full 0):
 garbage-first heap   total 129024K, used 70701K [0x0000000080000000, 0x0000000100000000)
  region size 1024K, 55 young (56320K), 2 survivors (2048K)
 Metaspace       used 26160K, capacity 26703K, committed 27008K, reserved 1073152K
  class space    used 3423K, capacity 3618K, committed 3712K, reserved 1048576K
}
Event: 4.692 GC heap after
{Heap after GC invocations=5 (full 0):
 garbage-first heap   total 129024K, used 19117K [0x0000000080000000, 0x0000000100000000)
  region size 1024K, 3 young (3072K), 3 survivors (3072K)
 Metaspace       used 26160K, capacity 26703K, committed 27008K, reserved 1073152K
  class space    used 3423K, capacity 3618K, committed 3712K, reserved 1048576K
}

Deoptimization events (20 events):
Event: 4.630 Thread 0x000002b6935fc800 Uncommon trap: trap_request=0xffffffde fr.pc=0x000002b687bd5d24 relative=0x00000000000002e4
Event: 4.630 Thread 0x000002b6935fc800 Uncommon trap: reason=class_check action=maybe_recompile pc=0x000002b687bd5d24 method=java.util.Collections$SetFromMap.remove(Ljava/lang/Object;)Z @ 5 c2
Event: 4.630 Thread 0x000002b6935fc800 DEOPT PACKING pc=0x000002b687bd5d24 sp=0x000000c1fbbfc080
Event: 4.630 Thread 0x000002b6935fc800 DEOPT UNPACKING pc=0x000002b68002662f sp=0x000000c1fbbfc078 mode 2
Event: 4.868 Thread 0x000002b6935fc800 Uncommon trap: trap_request=0xffffff4d fr.pc=0x000002b687babbcc relative=0x000000000000020c
Event: 4.868 Thread 0x000002b6935fc800 Uncommon trap: reason=unstable_if action=reinterpret pc=0x000002b687babbcc method=java.util.HashMap.hash(Ljava/lang/Object;)I @ 1 c2
Event: 4.868 Thread 0x000002b6935fc800 DEOPT PACKING pc=0x000002b687babbcc sp=0x000000c1fbbf8a60
Event: 4.868 Thread 0x000002b6935fc800 DEOPT UNPACKING pc=0x000002b68002662f sp=0x000000c1fbbf8998 mode 2
Event: 4.868 Thread 0x000002b6935fc800 Uncommon trap: trap_request=0xffffff4d fr.pc=0x000002b687b7a02c relative=0x000000000000008c
Event: 4.868 Thread 0x000002b6935fc800 Uncommon trap: reason=unstable_if action=reinterpret pc=0x000002b687b7a02c method=java.util.HashMap.hash(Ljava/lang/Object;)I @ 1 c2
Event: 4.868 Thread 0x000002b6935fc800 DEOPT PACKING pc=0x000002b687b7a02c sp=0x000000c1fbbf87d0
Event: 4.868 Thread 0x000002b6935fc800 DEOPT UNPACKING pc=0x000002b68002662f sp=0x000000c1fbbf8768 mode 2
Event: 5.186 Thread 0x000002b6935fc800 Uncommon trap: trap_request=0xffffff4d fr.pc=0x000002b687c054e4 relative=0x00000000000001a4
Event: 5.186 Thread 0x000002b6935fc800 Uncommon trap: reason=unstable_if action=reinterpret pc=0x000002b687c054e4 method=java.util.regex.Pattern$BmpCharProperty.match(Ljava/util/regex/Matcher;ILjava/lang/CharSequence;)Z @ 39 c2
Event: 5.186 Thread 0x000002b6935fc800 DEOPT PACKING pc=0x000002b687c054e4 sp=0x000000c1fbbf9420
Event: 5.186 Thread 0x000002b6935fc800 DEOPT UNPACKING pc=0x000002b68002662f sp=0x000000c1fbbf93d0 mode 2
Event: 5.229 Thread 0x000002b6935fc800 Uncommon trap: trap_request=0xffffff4d fr.pc=0x000002b687b9efb0 relative=0x0000000000000230
Event: 5.229 Thread 0x000002b6935fc800 Uncommon trap: reason=unstable_if action=reinterpret pc=0x000002b687b9efb0 method=java.util.HashMap.putVal(ILjava/lang/Object;Ljava/lang/Object;ZZ)Ljava/lang/Object; @ 162 c2
Event: 5.229 Thread 0x000002b6935fc800 DEOPT PACKING pc=0x000002b687b9efb0 sp=0x000000c1fbbfa500
Event: 5.229 Thread 0x000002b6935fc800 DEOPT UNPACKING pc=0x000002b68002662f sp=0x000000c1fbbfa410 mode 2

Classes redefined (0 events):
No events

Internal exceptions (20 events):
Event: 4.619 Thread 0x000002b6935fc800 Exception <a 'java/lang/NoSuchMethodError'{0x0000000084c2cf70}: 'void java.lang.invoke.DirectMethodHandle$Holder.invokeStatic(java.lang.Object, java.lang.Object, java.lang.Object, java.lang.Object)'> (0x0000000084c2cf70) thrown at [./src/hotspot/share/interpreter/linkResolver.cpp, line 773]
Event: 4.621 Thread 0x000002b6935fc800 Exception <a 'java/lang/NoSuchMethodError'{0x0000000084c6dfe0}: 'int java.lang.invoke.DirectMethodHandle$Holder.invokeInterface(java.lang.Object, java.lang.Object)'> (0x0000000084c6dfe0) thrown at [./src/hotspot/share/interpreter/linkResolver.cpp, line 773]
Event: 4.748 Thread 0x000002b6935fc800 Exception <a 'java/lang/NoSuchMethodError'{0x00000000879d7990}: 'java.lang.Object java.lang.invoke.DirectMethodHandle$Holder.invokeSpecialIFC(java.lang.Object, java.lang.Object, java.lang.Object, java.lang.Object)'> (0x00000000879d7990) thrown at [./src/hotspot/share/interpreter/linkResolver.cpp, line 773]
Event: 4.754 Thread 0x000002b6935fc800 Exception <a 'java/lang/NoSuchMethodError'{0x00000000878b2ac8}: 'java.lang.Object java.lang.invoke.DirectMethodHandle$Holder.invokeSpecial(java.lang.Object, java.lang.Object, java.lang.Object, java.lang.Object, java.lang.Object, java.lang.Object, java.lang.Object, java.lang.Object, java.lang.Object, java.lang.Object, java.lang.Object, java.lang.Object, java.lang.Object)'> (0x00000000878b2ac8) thrown at [./src/hotspot/share/interpreter/linkResolver.cpp, line 773]
Event: 4.754 Thread 0x000002b6935fc800 Exception <a 'java/lang/NoSuchMethodError'{0x00000000878c3928}: 'java.lang.Object java.lang.invoke.DirectMethodHandle$Holder.invokeSpecial(java.lang.Object, java.lang.Object, java.lang.Object, java.lang.Object, java.lang.Object, java.lang.Object, java.lang.Object, java.lang.Object, java.lang.Object, java.lang.Object, java.lang.Object, java.lang.Object)'> (0x00000000878c3928) thrown at [./src/hotspot/share/interpreter/linkResolver.cpp, line 773]
Event: 4.755 Thread 0x000002b6935fc800 Exception <a 'java/lang/NoSuchMethodError'{0x00000000878c8a50}: 'java.lang.Object java.lang.invoke.Invokers$Holder.linkToTargetMethod(java.lang.Object, java.lang.Object, java.lang.Object, java.lang.Object, java.lang.Object, java.lang.Object, java.lang.Object, java.lang.Object, java.lang.Object, java.lang.Object, java.lang.Object)'> (0x00000000878c8a50) thrown at [./src/hotspot/share/interpreter/linkResolver.cpp, line 773]
Event: 4.765 Thread 0x000002b6935fc800 Exception <a 'java/lang/NoSuchMethodError'{0x000000008760ad50}: 'java.lang.Object java.lang.invoke.DirectMethodHandle$Holder.invokeSpecial(java.lang.Object, java.lang.Object, java.lang.Object, java.lang.Object, java.lang.Object, java.lang.Object, java.lang.Object, java.lang.Object, java.lang.Object, java.lang.Object, java.lang.Object, java.lang.Object, java.lang.Object, java.lang.Object)'> (0x000000008760ad50) thrown at [./src/hotspot/share/interpreter/linkResolver.cpp, line 773]
Event: 4.766 Thread 0x000002b6935fc800 Exception <a 'java/lang/NoSuchMethodError'{0x000000008761c3c8}: 'java.lang.Object java.lang.invoke.Invokers$Holder.linkToTargetMethod(java.lang.Object, java.lang.Object, java.lang.Object, java.lang.Object, java.lang.Object, java.lang.Object, java.lang.Object, java.lang.Object, java.lang.Object, java.lang.Object, java.lang.Object, java.lang.Object)'> (0x000000008761c3c8) thrown at [./src/hotspot/share/interpreter/linkResolver.cpp, line 773]
Event: 4.772 Thread 0x000002b6935fc800 Exception <a 'java/lang/NoSuchMethodError'{0x00000000876ad598}: 'java.lang.Object java.lang.invoke.DirectMethodHandle$Holder.invokeStaticInit(java.lang.Object, java.lang.Object, java.lang.Object, java.lang.Object)'> (0x00000000876ad598) thrown at [./src/hotspot/share/interpreter/linkResolver.cpp, line 773]
Event: 4.868 Thread 0x000002b6935fc800 Implicit null exception at 0x000002b687bab9f5 to 0x000002b687babbbc
Event: 4.868 Thread 0x000002b6935fc800 Implicit null exception at 0x000002b687b79faf to 0x000002b687b7a01d
Event: 5.032 Thread 0x000002b6935fc800 Exception <a 'java/lang/NoSuchMethodError'{0x00000000865fbb40}: 'java.lang.Object java.lang.invoke.Invokers$Holder.linkToTargetMethod(java.lang.Object, java.lang.Object, java.lang.Object, java.lang.Object, java.lang.Object, java.lang.Object, java.lang.Object, java.lang.Object)'> (0x00000000865fbb40) thrown at [./src/hotspot/share/interpreter/linkResolver.cpp, line 773]
Event: 5.038 Thread 0x000002b6935fc800 Exception <a 'java/lang/NoSuchMethodError'{0x0000000086430d88}: 'java.lang.Object java.lang.invoke.DirectMethodHandle$Holder.invokeVirtual(java.lang.Object, java.lang.Object, java.lang.Object)'> (0x0000000086430d88) thrown at [./src/hotspot/share/interpreter/linkResolver.cpp, line 773]
Event: 5.054 Thread 0x000002b6935fc800 Exception <a 'java/lang/NoSuchMethodError'{0x000000008630ca48}: 'java.lang.Object java.lang.invoke.Invokers$Holder.linkToTargetMethod(java.lang.Object, java.lang.Object, java.lang.Object, java.lang.Object, java.lang.Object, java.lang.Object, java.lang.Object)'> (0x000000008630ca48) thrown at [./src/hotspot/share/interpreter/linkResolver.cpp, line 773]
Event: 5.058 Thread 0x000002b6935fc800 Exception <a 'java/lang/IncompatibleClassChangeError'{0x000000008634c9f8}: Found class java.lang.Object, but interface was expected> (0x000000008634c9f8) thrown at [./src/hotspot/share/interpreter/linkResolver.cpp, line 839]
Event: 5.110 Thread 0x000002b6935fc800 Exception <a 'java/lang/NoSuchMethodError'{0x00000000860f19f0}: 'int java.lang.invoke.DirectMethodHandle$Holder.invokeVirtual(java.lang.Object, java.lang.Object)'> (0x00000000860f19f0) thrown at [./src/hotspot/share/interpreter/linkResolver.cpp, line 773]
Event: 5.359 Thread 0x000002b6935fc800 Exception <a 'java/lang/NoSuchMethodError'{0x0000000085079af0}: 'void java.lang.invoke.DirectMethodHandle$Holder.invokeStaticInit(java.lang.Object, java.lang.Object, java.lang.Object)'> (0x0000000085079af0) thrown at [./src/hotspot/share/interpreter/linkResolver.cpp, line 773]
Event: 5.360 Thread 0x000002b6935fc800 Exception <a 'java/lang/NoSuchMethodError'{0x0000000085080b18}: 'void java.lang.invoke.DirectMethodHandle$Holder.invokeStaticInit(java.lang.Object, java.lang.Object, java.lang.Object, java.lang.Object)'> (0x0000000085080b18) thrown at [./src/hotspot/share/interpreter/linkResolver.cpp, line 773]
Event: 5.364 Thread 0x000002b6935fc800 Exception <a 'java/lang/NoSuchMethodError'{0x00000000850a3170}: 'void java.lang.invoke.DirectMethodHandle$Holder.invokeStaticInit(java.lang.Object, java.lang.Object, java.lang.Object, java.lang.Object, java.lang.Object)'> (0x00000000850a3170) thrown at [./src/hotspot/share/interpreter/linkResolver.cpp, line 773]
Event: 5.405 Thread 0x000002b6935fc800 Exception <a 'java/lang/NoSuchMethodError'{0x0000000084f05940}: 'int java.lang.invoke.DirectMethodHandle$Holder.invokeStaticInit(java.lang.Object, java.lang.Object, java.lang.Object, java.lang.Object)'> (0x0000000084f05940) thrown at [./src/hotspot/share/interpreter/linkResolver.cpp, line 773]

Events (20 events):
Event: 5.456 loading class org/codehaus/groovy/runtime/dgmimpl/arrays/IntegerArrayGetAtMetaMethod
Event: 5.456 loading class org/codehaus/groovy/runtime/dgmimpl/arrays/IntegerArrayGetAtMetaMethod done
Event: 5.456 loading class org/codehaus/groovy/runtime/dgmimpl/arrays/IntegerArrayPutAtMetaMethod
Event: 5.456 loading class org/codehaus/groovy/runtime/dgmimpl/arrays/IntegerArrayPutAtMetaMethod done
Event: 5.456 loading class org/codehaus/groovy/runtime/dgmimpl/arrays/LongArrayGetAtMetaMethod
Event: 5.456 loading class org/codehaus/groovy/runtime/dgmimpl/arrays/LongArrayGetAtMetaMethod done
Event: 5.456 loading class org/codehaus/groovy/runtime/dgmimpl/arrays/LongArrayPutAtMetaMethod
Event: 5.456 loading class org/codehaus/groovy/runtime/dgmimpl/arrays/LongArrayPutAtMetaMethod done
Event: 5.457 loading class org/codehaus/groovy/runtime/dgmimpl/arrays/FloatArrayGetAtMetaMethod
Event: 5.457 loading class org/codehaus/groovy/runtime/dgmimpl/arrays/FloatArrayGetAtMetaMethod done
Event: 5.457 loading class org/codehaus/groovy/runtime/dgmimpl/arrays/FloatArrayPutAtMetaMethod
Event: 5.457 loading class org/codehaus/groovy/runtime/dgmimpl/arrays/FloatArrayPutAtMetaMethod done
Event: 5.457 loading class org/codehaus/groovy/runtime/dgmimpl/arrays/DoubleArrayGetAtMetaMethod
Event: 5.457 loading class org/codehaus/groovy/runtime/dgmimpl/arrays/DoubleArrayGetAtMetaMethod done
Event: 5.457 loading class org/codehaus/groovy/runtime/dgmimpl/arrays/DoubleArrayPutAtMetaMethod
Event: 5.457 loading class org/codehaus/groovy/runtime/dgmimpl/arrays/DoubleArrayPutAtMetaMethod done
Event: 5.458 loading class org/codehaus/groovy/runtime/EncodingGroovyMethods
Event: 5.458 loading class org/codehaus/groovy/runtime/EncodingGroovyMethods done
Event: 5.458 loading class org/codehaus/groovy/runtime/IOGroovyMethods
Event: 5.458 loading class org/codehaus/groovy/runtime/IOGroovyMethods done


Dynamic libraries:
0x00007ff616e50000 - 0x00007ff616e5a000 	C:\Program Files\Android\Android Studio\jre\bin\java.exe
0x00007ffaa9750000 - 0x00007ffaa9964000 	C:\WINDOWS\SYSTEM32\ntdll.dll
0x00007ffaa87d0000 - 0x00007ffaa8893000 	C:\WINDOWS\System32\KERNEL32.DLL
0x00007ffaa6c80000 - 0x00007ffaa701c000 	C:\WINDOWS\System32\KERNELBASE.dll
0x00007ffaa7440000 - 0x00007ffaa7551000 	C:\WINDOWS\System32\ucrtbase.dll
0x00007ffa92430000 - 0x00007ffa92449000 	C:\Program Files\Android\Android Studio\jre\bin\jli.dll
0x00007ffa94720000 - 0x00007ffa94737000 	C:\Program Files\Android\Android Studio\jre\bin\VCRUNTIME140.dll
0x00007ffaa7560000 - 0x00007ffaa770d000 	C:\WINDOWS\System32\USER32.dll
0x00007ffa8dc40000 - 0x00007ffa8dece000 	C:\WINDOWS\WinSxS\amd64_microsoft.windows.common-controls_6595b64144ccf1df_6.0.22621.608_none_a9444ca7c10bb01d\COMCTL32.dll
0x00007ffaa6b90000 - 0x00007ffaa6bb6000 	C:\WINDOWS\System32\win32u.dll
0x00007ffaa94c0000 - 0x00007ffaa9567000 	C:\WINDOWS\System32\msvcrt.dll
0x00007ffaa9570000 - 0x00007ffaa9599000 	C:\WINDOWS\System32\GDI32.dll
0x00007ffaa7230000 - 0x00007ffaa7343000 	C:\WINDOWS\System32\gdi32full.dll
0x00007ffaa7020000 - 0x00007ffaa70ba000 	C:\WINDOWS\System32\msvcp_win.dll
0x00007ffaa8790000 - 0x00007ffaa87c1000 	C:\WINDOWS\System32\IMM32.DLL
0x00007ffa6e9a0000 - 0x00007ffa6ea3d000 	C:\Program Files\Android\Android Studio\jre\bin\msvcp140.dll
0x00007ffa5b430000 - 0x00007ffa5bf05000 	C:\Program Files\Android\Android Studio\jre\bin\server\jvm.dll
0x00007ffaa7bb0000 - 0x00007ffaa7c5e000 	C:\WINDOWS\System32\ADVAPI32.dll
0x00007ffaa89d0000 - 0x00007ffaa8a74000 	C:\WINDOWS\System32\sechost.dll
0x00007ffaa8120000 - 0x00007ffaa8235000 	C:\WINDOWS\System32\RPCRT4.dll
0x00007ffaa9450000 - 0x00007ffaa9458000 	C:\WINDOWS\System32\PSAPI.DLL
0x00007ffa9feb0000 - 0x00007ffa9feb9000 	C:\WINDOWS\SYSTEM32\WSOCK32.dll
0x00007ffa9fdc0000 - 0x00007ffa9fdf4000 	C:\WINDOWS\SYSTEM32\WINMM.dll
0x00007ffa9f270000 - 0x00007ffa9f27a000 	C:\WINDOWS\SYSTEM32\VERSION.dll
0x00007ffaa8ae0000 - 0x00007ffaa8b51000 	C:\WINDOWS\System32\WS2_32.dll
0x00007ffaa5cd0000 - 0x00007ffaa5ce8000 	C:\WINDOWS\SYSTEM32\kernel.appcore.dll
0x00007ffaa20d0000 - 0x00007ffaa20e1000 	C:\Program Files\Android\Android Studio\jre\bin\verify.dll
0x00007ffa99400000 - 0x00007ffa9962e000 	C:\WINDOWS\SYSTEM32\DBGHELP.DLL
0x00007ffaa8240000 - 0x00007ffaa85c9000 	C:\WINDOWS\System32\combase.dll
0x00007ffaa9370000 - 0x00007ffaa9447000 	C:\WINDOWS\System32\OLEAUT32.dll
0x00007ffa93b00000 - 0x00007ffa93b32000 	C:\WINDOWS\SYSTEM32\dbgcore.DLL
0x00007ffaa73c0000 - 0x00007ffaa743b000 	C:\WINDOWS\System32\bcryptPrimitives.dll
0x00007ffa92650000 - 0x00007ffa92679000 	C:\Program Files\Android\Android Studio\jre\bin\java.dll
0x00007ffaa2150000 - 0x00007ffaa215b000 	C:\Program Files\Android\Android Studio\jre\bin\jimage.dll
0x00007ffaa20a0000 - 0x00007ffaa20b8000 	C:\Program Files\Android\Android Studio\jre\bin\zip.dll
0x00007ffaa8b80000 - 0x00007ffaa9370000 	C:\WINDOWS\System32\SHELL32.dll
0x00007ffaa4ba0000 - 0x00007ffaa546e000 	C:\WINDOWS\SYSTEM32\windows.storage.dll
0x00007ffaa4a50000 - 0x00007ffaa4b8e000 	C:\WINDOWS\SYSTEM32\wintypes.dll
0x00007ffaa95a0000 - 0x00007ffaa9691000 	C:\WINDOWS\System32\SHCORE.dll
0x00007ffaa96b0000 - 0x00007ffaa970e000 	C:\WINDOWS\System32\shlwapi.dll
0x00007ffaa6ac0000 - 0x00007ffaa6ae1000 	C:\WINDOWS\SYSTEM32\profapi.dll
0x00007ffaa0aa0000 - 0x00007ffaa0aba000 	C:\Program Files\Android\Android Studio\jre\bin\net.dll
0x00007ffaa1280000 - 0x00007ffaa13af000 	C:\WINDOWS\SYSTEM32\WINHTTP.dll
0x00007ffaa6140000 - 0x00007ffaa61a9000 	C:\WINDOWS\system32\mswsock.dll
0x00007ffa99370000 - 0x00007ffa99384000 	C:\Program Files\Android\Android Studio\jre\bin\nio.dll
0x00007ffa86130000 - 0x00007ffa86157000 	C:\Users\NILADRI\.gradle\native\e1d6ef7f7dcc3fd88c89a11ec53ec762bb8ba0a96d01ffa2cd45eb1d1d8dd5c5\windows-amd64\native-platform.dll
0x00007ffa610f0000 - 0x00007ffa61234000 	C:\Users\NILADRI\.gradle\native\5664cfc778a61ccfe75a443a1ab52a65af34e5dc3c78e0209fed803814484fcb\windows-amd64\native-platform-file-events.dll
0x00007ffaa2040000 - 0x00007ffaa204a000 	C:\Program Files\Android\Android Studio\jre\bin\management.dll
0x00007ffaa2020000 - 0x00007ffaa202d000 	C:\Program Files\Android\Android Studio\jre\bin\management_ext.dll
0x00007ffaa63b0000 - 0x00007ffaa63cb000 	C:\WINDOWS\SYSTEM32\CRYPTSP.dll
0x00007ffaa5c40000 - 0x00007ffaa5c75000 	C:\WINDOWS\system32\rsaenh.dll
0x00007ffaa6240000 - 0x00007ffaa6268000 	C:\WINDOWS\SYSTEM32\USERENV.dll
0x00007ffaa6560000 - 0x00007ffaa6588000 	C:\WINDOWS\SYSTEM32\bcrypt.dll
0x00007ffaa63a0000 - 0x00007ffaa63ac000 	C:\WINDOWS\SYSTEM32\CRYPTBASE.dll
0x00007ffaa5740000 - 0x00007ffaa576d000 	C:\WINDOWS\SYSTEM32\IPHLPAPI.DLL
0x00007ffaa96a0000 - 0x00007ffaa96a9000 	C:\WINDOWS\System32\NSI.dll
0x00007ffa9f370000 - 0x00007ffa9f389000 	C:\WINDOWS\SYSTEM32\dhcpcsvc6.DLL
0x00007ffa9f350000 - 0x00007ffa9f36f000 	C:\WINDOWS\SYSTEM32\dhcpcsvc.DLL
0x00007ffaa5770000 - 0x00007ffaa5863000 	C:\WINDOWS\SYSTEM32\DNSAPI.dll

dbghelp: loaded successfully - version: 4.0.5 - missing functions: none
symbol engine: initialized successfully - sym options: 0x614 - pdb path: .;C:\Program Files\Android\Android Studio\jre\bin;C:\WINDOWS\SYSTEM32;C:\WINDOWS\WinSxS\amd64_microsoft.windows.common-controls_6595b64144ccf1df_6.0.22621.608_none_a9444ca7c10bb01d;C:\Program Files\Android\Android Studio\jre\bin\server;C:\Users\NILADRI\.gradle\native\e1d6ef7f7dcc3fd88c89a11ec53ec762bb8ba0a96d01ffa2cd45eb1d1d8dd5c5\windows-amd64;C:\Users\NILADRI\.gradle\native\5664cfc778a61ccfe75a443a1ab52a65af34e5dc3c78e0209fed803814484fcb\windows-amd64

VM Arguments:
jvm_args: --add-opens=java.base/java.util=ALL-UNNAMED --add-opens=java.base/java.lang=ALL-UNNAMED --add-opens=java.base/java.lang.invoke=ALL-UNNAMED --add-opens=java.base/java.util=ALL-UNNAMED --add-opens=java.prefs/java.util.prefs=ALL-UNNAMED --add-opens=java.prefs/java.util.prefs=ALL-UNNAMED --add-opens=java.base/java.nio.charset=ALL-UNNAMED --add-opens=java.base/java.net=ALL-UNNAMED --add-opens=java.base/java.util.concurrent.atomic=ALL-UNNAMED -Xmx2048m -Dfile.encoding=UTF-8 -Duser.country=GB -Duser.language=en -Duser.variant 
java_command: org.gradle.launcher.daemon.bootstrap.GradleDaemon 7.2
java_class_path (initial): C:\Users\NILADRI\.gradle\wrapper\dists\gradle-7.2-bin\2dnblmf4td7x66yl1d74lt32g\gradle-7.2\lib\gradle-launcher-7.2.jar
Launcher Type: SUN_STANDARD

[Global flags]
     intx CICompilerCount                          = 4                                         {product} {ergonomic}
     uint ConcGCThreads                            = 2                                         {product} {ergonomic}
     uint G1ConcRefinementThreads                  = 8                                         {product} {ergonomic}
   size_t G1HeapRegionSize                         = 1048576                                   {product} {ergonomic}
    uintx GCDrainStackTargetSize                   = 64                                        {product} {ergonomic}
   size_t InitialHeapSize                          = 132120576                                 {product} {ergonomic}
   size_t MarkStackSize                            = 4194304                                   {product} {ergonomic}
   size_t MaxHeapSize                              = 2147483648                                {product} {command line}
   size_t MaxNewSize                               = 1287651328                                {product} {ergonomic}
   size_t MinHeapDeltaBytes                        = 1048576                                   {product} {ergonomic}
    uintx NonNMethodCodeHeapSize                   = 5836300                                {pd product} {ergonomic}
    uintx NonProfiledCodeHeapSize                  = 122910970                              {pd product} {ergonomic}
    uintx ProfiledCodeHeapSize                     = 122910970                              {pd product} {ergonomic}
    uintx ReservedCodeCacheSize                    = 251658240                              {pd product} {ergonomic}
     bool SegmentedCodeCache                       = true                                      {product} {ergonomic}
     bool UseCompressedClassPointers               = true                                 {lp64_product} {ergonomic}
     bool UseCompressedOops                        = true                                 {lp64_product} {ergonomic}
     bool UseG1GC                                  = true                                      {product} {ergonomic}
     bool UseLargePagesIndividualAllocation        = false                                  {pd product} {ergonomic}

Logging:
Log output configuration:
 #0: stdout all=warning uptime,level,tags
 #1: stderr all=off uptime,level,tags

Environment Variables:
PATH=C:\Program Files\Common Files\Oracle\Java\javapath;C:\Windows\system32;C:\Windows;C:\Windows\System32\Wbem;C:\Windows\System32\WindowsPowerShell\v1.0\;C:\Windows\System32\OpenSSH\;C:\Program Files (x86)\NVIDIA Corporation\PhysX\Common;C:\Program Files\NVIDIA Corporation\NVIDIA NvDLISR;C:\WINDOWS\system32;C:\WINDOWS;C:\WINDOWS\System32\Wbem;C:\WINDOWS\System32\WindowsPowerShell\v1.0\;C:\WINDOWS\System32\OpenSSH\;C:\Program Files\MATLAB\R2016a\runtime\win64;C:\Program Files\MATLAB\R2016a\bin;C:\Program Files\MATLAB\R2016a\polyspace\bin;C:\MinGW\bin;C:\Program Files\Java\jdk-17.0.1\bin;C:\Program Files (x86)\IVI\bin;C:\Program Files (x86)\IVI Foundation\VISA\WinNT\Bin;C:\PROGRA~2\IVIFOU~1\VISA\WinNT\Bin;C:\Users\NILADRI\AppData\Local\Microsoft\WindowsApps;;C:\Users\NILADRI\AppData\Local\Programs\Microsoft VS Code\bin
USERNAME=NILADRI
OS=Windows_NT
PROCESSOR_IDENTIFIER=Intel64 Family 6 Model 142 Stepping 12, GenuineIntel



---------------  S Y S T E M  ---------------

OS: Windows 10 , 64 bit Build 22621 (10.0.22621.1344)
OS uptime: 9 days 11:45 hours

CPU:total 8 (initial active 8) (4 cores per cpu, 2 threads per core) family 6 model 142 stepping 12 microcode 0xde, cmov, cx8, fxsr, mmx, sse, sse2, sse3, ssse3, sse4.1, sse4.2, popcnt, avx, avx2, aes, clmul, erms, 3dnowpref, lzcnt, ht, tsc, tscinvbit, bmi1, bmi2, adx, fma

Memory: 4k page, system-wide physical 8022M (636M free)
TotalPageFile size 26772M (AvailPageFile size 1M)
current process WorkingSet (physical memory assigned to process): 226M, peak: 233M
current process commit charge ("private bytes"): 296M, peak: 300M

vm_info: OpenJDK 64-Bit Server VM (11.0.11+9-b60-7590822) for windows-amd64 JRE (11.0.11+9-b60-7590822), built on Jul 29 2021 21:43:44 by "builder" with MS VC++ 14.0 (VS2015)

END.
